#
# A fatal error has been detected by the Java Runtime Environment:
#
#  SIGSEGV (0xb) at pc=0x00007f7ce17742f6, pid=205251, tid=0x00007f7cc85fc700
#
# JRE version: Java(TM) SE Runtime Environment (8.0_221-b11) (build 1.8.0_221-b11)
# Java VM: Java HotSpot(TM) 64-Bit Server VM (25.221-b11 mixed mode linux-amd64 compressed oops)
# Problematic frame:
# V  [libjvm.so+0x5e22f6]  GenerateOopMap::do_field(int, int, int, int)+0x46
#
# Failed to write core dump. Core dumps have been disabled. To enable core dumping, try "ulimit -c unlimited" before starting Java again
#
# If you would like to submit a bug report, please visit:
#   http://bugreport.java.com/bugreport/crash.jsp
#

---------------  T H R E A D  ---------------

Current thread (0x00007f7cdc1d0000):  VMThread [stack: 0x00007f7cc84fd000,0x00007f7cc85fd000] [id=205268]

siginfo: si_signo: 11 (SIGSEGV), si_code: 1 (SEGV_MAPERR), si_addr: 0x0000000000000008

Registers:
RAX=0x0000000000000000, RBX=0x00007f7cc85fb260, RCX=0x000000000000ca0b, RDX=0x0000000000000000
RSP=0x00007f7cc85faf60, RBP=0x00007f7cc85fafb0, RSI=0x0000000000000000, RDI=0x00007f7cca9c6730
R8 =0x0000000000000074, R9 =0x0000000000000000, R10=0x00007f7cdc90ad27, R11=0x00000000000000b1
R12=0x0000000000000001, R13=0x00007f7cca9c6730, R14=0x0000000000000000, R15=0x0000000000000074
RIP=0x00007f7ce17742f6, EFLAGS=0x0000000000010206, CSGSFS=0x002b000000000033, ERR=0x0000000000000004
  TRAPNO=0x000000000000000e

Top of Stack: (sp=0x00007f7cc85faf60)
0x00007f7cc85faf60:   00007f7cc85fb260 00007f7cc85fb010
0x00007f7cc85faf70:   0000000000000074 00000000000000b4
0x00007f7cc85faf80:   00007f7cc85fafb0 00007f7cca9c6f8c
0x00007f7cc85faf90:   00007f7cc85fb260 000000000000009f
0x00007f7cc85fafa0:   00000000000000b4 00000000000000cb
0x00007f7cc85fafb0:   00007f7cc85fb070 00007f7ce177565f
0x00007f7cc85fafc0:   00007f7cc85fb000 00007f7cdc05e070
0x00007f7cc85fafd0:   00007f7cc85fb0d0 00007f7cc85fb020
0x00007f7cc85fafe0:   0000009fc85fb010 00007f7cc85fb010
0x00007f7cc85faff0:   00007f7cca9c7030 00007f7cdc1d0000
0x00007f7cc85fb000:   00007f7cca9c7030 00007f7cdc1d0000
0x00007f7cc85fb010:   00007f7cc85fb070 00007f7cca9c7030
0x00007f7cc85fb020:   00007f7cdc1d0000 0000007700000074
0x00007f7cc85fb030:   000000cb0000009f 000000b4e2140000
0x00007f7cc85fb040:   00007f7cdc05e0a0 0000000000000001
0x00007f7cc85fb050:   0000000000000000 00007f7cc85fb260
0x00007f7cc85fb060:   00007f7ce1ccf9d8 0000000000000001
0x00007f7cc85fb070:   00007f7cc85fb0b0 00007f7ce177916d
0x00007f7cc85fb080:   00007f7cc85fb0e0 00007f7cc85fb260
0x00007f7cc85fb090:   00007f7cc85fb0d0 00007f7cc85fb100
0x00007f7cc85fb0a0:   00007f7cc85fb0c0 00007f7cdc1d0000
0x00007f7cc85fb0b0:   00007f7cc85fb160 00007f7ce177954b
0x00007f7cc85fb0c0:   00007f7cca9c7030 00007f7cdc1d0000
0x00007f7cc85fb0d0:   0000000000000100 0000000000000000
0x00007f7cc85fb0e0:   00007f7cfbad8001 00007f7cdc006600
0x00007f7cc85fb0f0:   00007f7cdc006618 00007f7cdc006618
0x00007f7cc85fb100:   00007f7cdc000000 0000000000000000
0x00007f7cc85fb110:   00007f7cdc006717 00007f7cdc006600
0x00007f7cc85fb120:   00007f7cdc006717 0000000000000000
0x00007f7cc85fb130:   0000000000000000 00007f7cc85fb260
0x00007f7cc85fb140:   00007f7cdc1d0000 00007f7cdc05dfa0
0x00007f7cc85fb150:   00007f7cdc1cf750 00007f7cdc05dfb0 

Instructions: (pc=0x00007f7ce17742f6)
0x00007f7ce17742d6:   8b 40 08 4c 8b 68 08 4c 89 ef e8 0b fc ee ff 4c
0x00007f7ce17742e6:   89 ef 89 c6 e8 41 fd ee ff 48 98 49 8b 44 c5 50
0x00007f7ce17742f6:   0f b6 40 08 3c 4c 0f 84 1e 01 00 00 3c 5b 0f 84
0x00007f7ce1774306:   16 01 00 00 3c 4a 0f 84 ce 00 00 00 3c 44 0f 84 

Register to memory mapping:

RAX=0x0000000000000000 is an unknown value
RBX=0x00007f7cc85fb260 is an unknown value
RCX=0x000000000000ca0b is an unknown value
RDX=0x0000000000000000 is an unknown value
RSP=0x00007f7cc85faf60 is an unknown value
RBP=0x00007f7cc85fafb0 is an unknown value
RSI=0x0000000000000000 is an unknown value
RDI=0x00007f7cca9c6730 is pointing into metadata
R8 =0x0000000000000074 is an unknown value
R9 =0x0000000000000000 is an unknown value
R10=0x00007f7cdc90ad27 is an unknown value
R11=0x00000000000000b1 is an unknown value
R12=0x0000000000000001 is an unknown value
R13=0x00007f7cca9c6730 is pointing into metadata
R14=0x0000000000000000 is an unknown value
R15=0x0000000000000074 is an unknown value


Stack: [0x00007f7cc84fd000,0x00007f7cc85fd000],  sp=0x00007f7cc85faf60,  free space=1015k
Native frames: (J=compiled Java code, j=interpreted, Vv=VM code, C=native code)
V  [libjvm.so+0x5e22f6]  GenerateOopMap::do_field(int, int, int, int)+0x46
V  [libjvm.so+0x5e365f]  GenerateOopMap::interp_bb(BasicBlock*)+0x16f
V  [libjvm.so+0x5e716d]  GenerateOopMap::do_interpretation()+0xbd
V  [libjvm.so+0x5e754b]  GenerateOopMap::compute_map(Thread*)+0x29b
V  [libjvm.so+0x8fee0f]  OopMapForCacheEntry::compute_map(Thread*)+0x8f
V  [libjvm.so+0x900b18]  OopMapCacheEntry::fill(methodHandle, int)+0x2a8
V  [libjvm.so+0x901a97]  OopMapCache::compute_one_oop_map(methodHandle, int, InterpreterOopMap*)+0x127
V  [libjvm.so+0x902326]  OopMapCache::lookup(methodHandle, int, InterpreterOopMap*) const+0x5c6
V  [libjvm.so+0x6437c3]  InstanceKlass::mask_for(methodHandle, int, InterpreterOopMap*)+0x83
V  [libjvm.so+0x8948d1]  Method::mask_for(int, InterpreterOopMap*)+0xb1
V  [libjvm.so+0x780a9a]  VM_GetOrSetLocal::doit()+0x4a
V  [libjvm.so+0xada1c6]  VM_Operation::evaluate()+0x46
V  [libjvm.so+0xad84fd]  VMThread::evaluate_operation(VM_Operation*) [clone .constprop.44]+0xcd
V  [libjvm.so+0xad8ae3]  VMThread::loop()+0x3a3
V  [libjvm.so+0xad8eb8]  VMThread::run()+0x78
V  [libjvm.so+0x90d952]  java_start(Thread*)+0x102

VM_Operation (0x00007f7cc81f79a0): GetOrSetLocal, mode: safepoint, requested by thread 0x00007f7cdc21d800


---------------  P R O C E S S  ---------------

Java Threads: ( => current thread )
  0x00007f7cde5ca000 JavaThread "HikariPool-1 housekeeper" daemon [_thread_blocked, id=205300, stack(0x00007f7cbbbfe000,0x00007f7cbbcff000)]
  0x00007f7cdc906000 JavaThread "ReaderThread" [_thread_in_native, id=205286, stack(0x00007f7cbbeff000,0x00007f7cbc000000)]
  0x00007f7cdc766000 JavaThread "Service Thread" daemon [_thread_blocked, id=205284, stack(0x00007f7cc3402000,0x00007f7cc3503000)]
  0x00007f7cdc762800 JavaThread "C1 CompilerThread3" daemon [_thread_blocked, id=205283, stack(0x00007f7cc3504000,0x00007f7cc3604000)]
  0x00007f7cdc760000 JavaThread "C2 CompilerThread2" daemon [_thread_blocked, id=205282, stack(0x00007f7cc3605000,0x00007f7cc3705000)]
  0x00007f7cdc75e000 JavaThread "C2 CompilerThread1" daemon [_thread_blocked, id=205281, stack(0x00007f7cc3706000,0x00007f7cc3806000)]
  0x00007f7cdc75c800 JavaThread "C2 CompilerThread0" daemon [_thread_blocked, id=205280, stack(0x00007f7cc3807000,0x00007f7cc3907000)]
  0x00007f7c70001800 JavaThread "JDWP Command Reader" daemon [_thread_in_native, id=205277, stack(0x00007f7cc3bf9000,0x00007f7cc3cfa000)]
  0x00007f7cdc221000 JavaThread "JDWP Event Helper Thread" daemon [_thread_blocked, id=205275, stack(0x00007f7cc3cfa000,0x00007f7cc3dfb000)]
  0x00007f7cdc21d800 JavaThread "JDWP Transport Listener: dt_socket" daemon [_thread_blocked, id=205273, stack(0x00007f7cc80f8000,0x00007f7cc81f9000)]
  0x00007f7cdc20e800 JavaThread "Signal Dispatcher" daemon [_thread_blocked, id=205271, stack(0x00007f7cc81f9000,0x00007f7cc82fa000)]
  0x00007f7cdc1de800 JavaThread "Finalizer" daemon [_thread_blocked, id=205270, stack(0x00007f7cc82fa000,0x00007f7cc83fb000)]
  0x00007f7cdc1da000 JavaThread "Reference Handler" daemon [_thread_blocked, id=205269, stack(0x00007f7cc83fb000,0x00007f7cc84fc000)]
  0x00007f7cdc013000 JavaThread "main" [_thread_blocked, id=205258, stack(0x00007f7ce0f43000,0x00007f7ce1043000)]

Other Threads:
=>0x00007f7cdc1d0000 VMThread [stack: 0x00007f7cc84fd000,0x00007f7cc85fd000] [id=205268]
  0x00007f7cdc768800 WatcherThread [stack: 0x00007f7cc3302000,0x00007f7cc3402000] [id=205285]

VM state:at safepoint (normal execution)

VM Mutex/Monitor currently owned by a thread:  ([mutex/lock_event])
[0x00007f7cdc0103c0] Threads_lock - owner thread: 0x00007f7cdc1d0000

heap address: 0x00000006c7c00000, size: 3972 MB, Compressed Oops mode: Zero based, Oop shift amount: 3
Narrow klass base: 0x0000000000000000, Narrow klass shift: 3
Compressed class space size: 1073741824 Address: 0x00000007c0000000

Heap:
 PSYoungGen      total 410624K, used 114190K [0x000000076d400000, 0x000000078b480000, 0x00000007c0000000)
  eden space 393216K, 29% used [0x000000076d400000,0x0000000774383970,0x0000000785400000)
  from space 17408K, 0% used [0x0000000786480000,0x0000000786480000,0x0000000787580000)
  to   space 16896K, 0% used [0x0000000785400000,0x0000000785400000,0x0000000786480000)
 ParOldGen       total 190464K, used 22045K [0x00000006c7c00000, 0x00000006d3600000, 0x000000076d400000)
  object space 190464K, 11% used [0x00000006c7c00000,0x00000006c91874a0,0x00000006d3600000)
 Metaspace       used 61169K, capacity 64890K, committed 65024K, reserved 1105920K
  class space    used 8506K, capacity 9130K, committed 9216K, reserved 1048576K

Card table byte_map: [0x00007f7ccc056000,0x00007f7ccc819000] byte_map_base: 0x00007f7cc8a18000

Marking Bits: (ParMarkBitMap*) 0x00007f7ce215dd80
 Begin Bits: [0x00007f7c843e0000, 0x00007f7c881f0000)
 End Bits:   [0x00007f7c881f0000, 0x00007f7c8c000000)

Polling page: 0x00007f7ce2602000

CodeCache: size=245760Kb used=15014Kb max_used=15014Kb free=230745Kb
 bounds [0x00007f7cccbd9000, 0x00007f7ccdad9000, 0x00007f7cdbbd9000]
 total_blobs=4877 nmethods=4353 adapters=444
 compilation: enabled

Compilation events (10 events):
Event: 6.821 Thread 0x00007f7cdc75c800 4679       4       java.util.stream.StreamOpFlag::fromCharacteristics (37 bytes)
Event: 6.821 Thread 0x00007f7cdc75c800 nmethod 4679 0x00007f7cccd16450 code [0x00007f7cccd165a0, 0x00007f7cccd16638]
Event: 6.822 Thread 0x00007f7cdc75c800 4745       4       org.springframework.core.annotation.AnnotationsScanner::processClass (113 bytes)
Event: 7.008 Thread 0x00007f7cdc75c800 nmethod 4745 0x00007f7ccda5f390 code [0x00007f7ccda5fac0, 0x00007f7ccda664a8]
Event: 7.008 Thread 0x00007f7cdc75c800 4479   !   4       java.util.zip.ZipFile::getInputStream (304 bytes)
Event: 7.042 Thread 0x00007f7cdc75c800 nmethod 4479 0x00007f7ccce6b6d0 code [0x00007f7ccce6ba40, 0x00007f7ccce6e688]
Event: 7.544 Thread 0x00007f7cdc75e000 nmethod 4534 0x00007f7ccda71350 code [0x00007f7ccda721a0, 0x00007f7ccda7d788]
Event: 7.597 Thread 0x00007f7cdc760000 nmethod 4533 0x00007f7ccda96a10 code [0x00007f7ccda978c0, 0x00007f7ccdaa42b0]
Event: 190.172 Thread 0x00007f7cdc762800 4986 %     3       org.eclipse.jdt.launching.internal.org.objectweb.asm.ClassReader::accept @ 765 (1251 bytes)
Event: 190.208 Thread 0x00007f7cdc762800 nmethod 4986% 0x00007f7ccdabed10 code [0x00007f7ccdabf7e0, 0x00007f7ccdac8928]

GC Heap History (10 events):
Event: 3.577 GC heap before
{Heap before GC invocations=9 (full 2):
 PSYoungGen      total 214528K, used 9215K [0x000000076d400000, 0x0000000782a80000, 0x00000007c0000000)
  eden space 205312K, 0% used [0x000000076d400000,0x000000076d400000,0x0000000779c80000)
  from space 9216K, 99% used [0x0000000779c80000,0x000000077a57fc18,0x000000077a580000)
  to   space 10752K, 0% used [0x0000000782000000,0x0000000782000000,0x0000000782a80000)
 ParOldGen       total 95232K, used 8815K [0x00000006c7c00000, 0x00000006cd900000, 0x000000076d400000)
  object space 95232K, 9% used [0x00000006c7c00000,0x00000006c849bed8,0x00000006cd900000)
 Metaspace       used 33243K, capacity 35260K, committed 35416K, reserved 1079296K
  class space    used 4363K, capacity 4729K, committed 4736K, reserved 1048576K
Event: 3.624 GC heap after
Heap after GC invocations=9 (full 2):
 PSYoungGen      total 214528K, used 0K [0x000000076d400000, 0x0000000782a80000, 0x00000007c0000000)
  eden space 205312K, 0% used [0x000000076d400000,0x000000076d400000,0x0000000779c80000)
  from space 9216K, 0% used [0x0000000779c80000,0x0000000779c80000,0x000000077a580000)
  to   space 10752K, 0% used [0x0000000782000000,0x0000000782000000,0x0000000782a80000)
 ParOldGen       total 147968K, used 14085K [0x00000006c7c00000, 0x00000006d0c80000, 0x000000076d400000)
  object space 147968K, 9% used [0x00000006c7c00000,0x00000006c89c1580,0x00000006d0c80000)
 Metaspace       used 33243K, capacity 35260K, committed 35416K, reserved 1079296K
  class space    used 4363K, capacity 4729K, committed 4736K, reserved 1048576K
}
Event: 4.668 GC heap before
{Heap before GC invocations=10 (full 2):
 PSYoungGen      total 214528K, used 205312K [0x000000076d400000, 0x0000000782a80000, 0x00000007c0000000)
  eden space 205312K, 100% used [0x000000076d400000,0x0000000779c80000,0x0000000779c80000)
  from space 9216K, 0% used [0x0000000779c80000,0x0000000779c80000,0x000000077a580000)
  to   space 10752K, 0% used [0x0000000782000000,0x0000000782000000,0x0000000782a80000)
 ParOldGen       total 147968K, used 14085K [0x00000006c7c00000, 0x00000006d0c80000, 0x000000076d400000)
  object space 147968K, 9% used [0x00000006c7c00000,0x00000006c89c1580,0x00000006d0c80000)
 Metaspace       used 43632K, capacity 46232K, committed 46336K, reserved 1089536K
  class space    used 5894K, capacity 6339K, committed 6400K, reserved 1048576K
Event: 4.679 GC heap after
Heap after GC invocations=10 (full 2):
 PSYoungGen      total 315904K, used 10728K [0x000000076d400000, 0x0000000782a80000, 0x00000007c0000000)
  eden space 305152K, 0% used [0x000000076d400000,0x000000076d400000,0x000000077fe00000)
  from space 10752K, 99% used [0x0000000782000000,0x0000000782a7a0c8,0x0000000782a80000)
  to   space 12800K, 0% used [0x0000000781180000,0x0000000781180000,0x0000000781e00000)
 ParOldGen       total 147968K, used 15460K [0x00000006c7c00000, 0x00000006d0c80000, 0x000000076d400000)
  object space 147968K, 10% used [0x00000006c7c00000,0x00000006c8b192b0,0x00000006d0c80000)
 Metaspace       used 43632K, capacity 46232K, committed 46336K, reserved 1089536K
  class space    used 5894K, capacity 6339K, committed 6400K, reserved 1048576K
}
Event: 5.764 GC heap before
{Heap before GC invocations=11 (full 2):
 PSYoungGen      total 315904K, used 315880K [0x000000076d400000, 0x0000000782a80000, 0x00000007c0000000)
  eden space 305152K, 100% used [0x000000076d400000,0x000000077fe00000,0x000000077fe00000)
  from space 10752K, 99% used [0x0000000782000000,0x0000000782a7a0c8,0x0000000782a80000)
  to   space 12800K, 0% used [0x0000000781180000,0x0000000781180000,0x0000000781e00000)
 ParOldGen       total 147968K, used 15460K [0x00000006c7c00000, 0x00000006d0c80000, 0x000000076d400000)
  object space 147968K, 10% used [0x00000006c7c00000,0x00000006c8b192b0,0x00000006d0c80000)
 Metaspace       used 55219K, capacity 58154K, committed 58368K, reserved 1099776K
  class space    used 7611K, capacity 8098K, committed 8192K, reserved 1048576K
Event: 5.784 GC heap after
Heap after GC invocations=11 (full 2):
 PSYoungGen      total 337920K, used 12791K [0x000000076d400000, 0x0000000787580000, 0x00000007c0000000)
  eden space 325120K, 0% used [0x000000076d400000,0x000000076d400000,0x0000000781180000)
  from space 12800K, 99% used [0x0000000781180000,0x0000000781dfdfb8,0x0000000781e00000)
  to   space 17408K, 0% used [0x0000000786480000,0x0000000786480000,0x0000000787580000)
 ParOldGen       total 147968K, used 23725K [0x00000006c7c00000, 0x00000006d0c80000, 0x000000076d400000)
  object space 147968K, 16% used [0x00000006c7c00000,0x00000006c932b7a0,0x00000006d0c80000)
 Metaspace       used 55219K, capacity 58154K, committed 58368K, reserved 1099776K
  class space    used 7611K, capacity 8098K, committed 8192K, reserved 1048576K
}
Event: 5.843 GC heap before
{Heap before GC invocations=12 (full 2):
 PSYoungGen      total 337920K, used 26732K [0x000000076d400000, 0x0000000787580000, 0x00000007c0000000)
  eden space 325120K, 4% used [0x000000076d400000,0x000000076e19d318,0x0000000781180000)
  from space 12800K, 99% used [0x0000000781180000,0x0000000781dfdfb8,0x0000000781e00000)
  to   space 17408K, 0% used [0x0000000786480000,0x0000000786480000,0x0000000787580000)
 ParOldGen       total 147968K, used 23725K [0x00000006c7c00000, 0x00000006d0c80000, 0x000000076d400000)
  object space 147968K, 16% used [0x00000006c7c00000,0x00000006c932b7a0,0x00000006d0c80000)
 Metaspace       used 55892K, capacity 58866K, committed 59008K, reserved 1099776K
  class space    used 7693K, capacity 8204K, committed 8320K, reserved 1048576K
Event: 5.852 GC heap after
Heap after GC invocations=12 (full 2):
 PSYoungGen      total 410624K, used 7450K [0x000000076d400000, 0x000000078b480000, 0x00000007c0000000)
  eden space 393216K, 0% used [0x000000076d400000,0x000000076d400000,0x0000000785400000)
  from space 17408K, 42% used [0x0000000786480000,0x0000000786bc6968,0x0000000787580000)
  to   space 16896K, 0% used [0x0000000785400000,0x0000000785400000,0x0000000786480000)
 ParOldGen       total 147968K, used 28466K [0x00000006c7c00000, 0x00000006d0c80000, 0x000000076d400000)
  object space 147968K, 19% used [0x00000006c7c00000,0x00000006c97ccb78,0x00000006d0c80000)
 Metaspace       used 55892K, capacity 58866K, committed 59008K, reserved 1099776K
  class space    used 7693K, capacity 8204K, committed 8320K, reserved 1048576K
}
Event: 5.852 GC heap before
{Heap before GC invocations=13 (full 3):
 PSYoungGen      total 410624K, used 7450K [0x000000076d400000, 0x000000078b480000, 0x00000007c0000000)
  eden space 393216K, 0% used [0x000000076d400000,0x000000076d400000,0x0000000785400000)
  from space 17408K, 42% used [0x0000000786480000,0x0000000786bc6968,0x0000000787580000)
  to   space 16896K, 0% used [0x0000000785400000,0x0000000785400000,0x0000000786480000)
 ParOldGen       total 147968K, used 28466K [0x00000006c7c00000, 0x00000006d0c80000, 0x000000076d400000)
  object space 147968K, 19% used [0x00000006c7c00000,0x00000006c97ccb78,0x00000006d0c80000)
 Metaspace       used 55892K, capacity 58866K, committed 59008K, reserved 1099776K
  class space    used 7693K, capacity 8204K, committed 8320K, reserved 1048576K
Event: 5.954 GC heap after
Heap after GC invocations=13 (full 3):
 PSYoungGen      total 410624K, used 0K [0x000000076d400000, 0x000000078b480000, 0x00000007c0000000)
  eden space 393216K, 0% used [0x000000076d400000,0x000000076d400000,0x0000000785400000)
  from space 17408K, 0% used [0x0000000786480000,0x0000000786480000,0x0000000787580000)
  to   space 16896K, 0% used [0x0000000785400000,0x0000000785400000,0x0000000786480000)
 ParOldGen       total 190464K, used 22045K [0x00000006c7c00000, 0x00000006d3600000, 0x000000076d400000)
  object space 190464K, 11% used [0x00000006c7c00000,0x00000006c91874a0,0x00000006d3600000)
 Metaspace       used 55892K, capacity 58866K, committed 59008K, reserved 1099776K
  class space    used 7693K, capacity 8204K, committed 8320K, reserved 1048576K
}

Deoptimization events (10 events):
Event: 6.708 Thread 0x00007f7cdc013000 Uncommon trap: reason=unhandled action=none pc=0x00007f7ccce9b1dc method=java.net.URLClassLoader.findClass(Ljava/lang/String;)Ljava/lang/Class; @ 44
Event: 6.708 Thread 0x00007f7cdc013000 Uncommon trap: reason=unhandled action=none pc=0x00007f7ccce9b1dc method=java.net.URLClassLoader.findClass(Ljava/lang/String;)Ljava/lang/Class; @ 44
Event: 6.709 Thread 0x00007f7cdc013000 Uncommon trap: reason=unhandled action=none pc=0x00007f7ccce9b1dc method=java.net.URLClassLoader.findClass(Ljava/lang/String;)Ljava/lang/Class; @ 44
Event: 6.709 Thread 0x00007f7cdc013000 Uncommon trap: reason=range_check action=none pc=0x00007f7ccd11ed6c method=sun.reflect.generics.parser.SignatureParser.current()C @ 34
Event: 6.710 Thread 0x00007f7cdc013000 Uncommon trap: reason=unhandled action=none pc=0x00007f7ccce9b1dc method=java.net.URLClassLoader.findClass(Ljava/lang/String;)Ljava/lang/Class; @ 44
Event: 6.710 Thread 0x00007f7cdc013000 Uncommon trap: reason=unhandled action=none pc=0x00007f7ccce9b1dc method=java.net.URLClassLoader.findClass(Ljava/lang/String;)Ljava/lang/Class; @ 44
Event: 9.037 Thread 0x00007f7cdc013000 Uncommon trap: reason=unhandled action=none pc=0x00007f7ccce9b1dc method=java.net.URLClassLoader.findClass(Ljava/lang/String;)Ljava/lang/Class; @ 44
Event: 9.037 Thread 0x00007f7cdc013000 Uncommon trap: reason=unhandled action=none pc=0x00007f7ccce9b1dc method=java.net.URLClassLoader.findClass(Ljava/lang/String;)Ljava/lang/Class; @ 44
Event: 9.038 Thread 0x00007f7cdc013000 Uncommon trap: reason=unhandled action=none pc=0x00007f7ccce9b1dc method=java.net.URLClassLoader.findClass(Ljava/lang/String;)Ljava/lang/Class; @ 44
Event: 9.038 Thread 0x00007f7cdc013000 Uncommon trap: reason=unhandled action=none pc=0x00007f7ccce9b1dc method=java.net.URLClassLoader.findClass(Ljava/lang/String;)Ljava/lang/Class; @ 44

Classes redefined (2 events):
Event: 39.049 Thread 0x00007f7cdc1d0000 redefined class name=com.secret.escape.account.transfer.manager.AccountsManagerTest, count=1
Event: 190.198 Thread 0x00007f7cdc1d0000 redefined class name=com.secret.escape.account.transfer.manager.AccountsManagerTest, count=2

Internal exceptions (10 events):
Event: 6.562 Thread 0x00007f7cdc013000 Exception <a 'java/lang/ArrayIndexOutOfBoundsException': 23> (0x0000000772829cf8) thrown at [/HUDSON/workspace/8-2-build-linux-amd64/jdk8u221/13320/hotspot/src/share/vm/interpreter/interpreterRuntime.cpp, line 368]
Event: 6.562 Thread 0x00007f7cdc013000 Exception <a 'java/lang/ArrayIndexOutOfBoundsException': 61> (0x000000077282baf8) thrown at [/HUDSON/workspace/8-2-build-linux-amd64/jdk8u221/13320/hotspot/src/share/vm/interpreter/interpreterRuntime.cpp, line 368]
Event: 6.562 Thread 0x00007f7cdc013000 Exception <a 'java/lang/ArrayIndexOutOfBoundsException': 28> (0x000000077282d8f8) thrown at [/HUDSON/workspace/8-2-build-linux-amd64/jdk8u221/13320/hotspot/src/share/vm/interpreter/interpreterRuntime.cpp, line 368]
Event: 6.562 Thread 0x00007f7cdc013000 Exception <a 'java/lang/ArrayIndexOutOfBoundsException': 9> (0x000000077282f6b0) thrown at [/HUDSON/workspace/8-2-build-linux-amd64/jdk8u221/13320/hotspot/src/share/vm/interpreter/interpreterRuntime.cpp, line 368]
Event: 6.562 Thread 0x00007f7cdc013000 Exception <a 'java/lang/ArrayIndexOutOfBoundsException': 15> (0x0000000772830fe8) thrown at [/HUDSON/workspace/8-2-build-linux-amd64/jdk8u221/13320/hotspot/src/share/vm/interpreter/interpreterRuntime.cpp, line 368]
Event: 6.562 Thread 0x00007f7cdc013000 Exception <a 'java/lang/ArrayIndexOutOfBoundsException': 55> (0x0000000772833b28) thrown at [/HUDSON/workspace/8-2-build-linux-amd64/jdk8u221/13320/hotspot/src/share/vm/interpreter/interpreterRuntime.cpp, line 368]
Event: 6.582 Thread 0x00007f7cdc013000 Exception <a 'java/lang/ArrayIndexOutOfBoundsException': 180> (0x0000000772a151e8) thrown at [/HUDSON/workspace/8-2-build-linux-amd64/jdk8u221/13320/hotspot/src/share/vm/interpreter/interpreterRuntime.cpp, line 368]
Event: 6.667 Thread 0x00007f7cdc013000 Exception <a 'java/lang/ClassNotFoundException': java/lang/ObjectCustomizer> (0x00000007734ce628) thrown at [/HUDSON/workspace/8-2-build-linux-amd64/jdk8u221/13320/hotspot/src/share/vm/classfile/systemDictionary.cpp, line 210]
Event: 6.667 Thread 0x00007f7cdc013000 Exception <a 'java/lang/ClassNotFoundException': com/secret/escape/account/transfer/manager/AccountsManagerTestCustomizer> (0x00000007734f9dc0) thrown at [/HUDSON/workspace/8-2-build-linux-amd64/jdk8u221/13320/hotspot/src/share/vm/classfile/systemDictiona
Event: 6.709 Thread 0x00007f7cdc013000 Exception <a 'java/lang/ArrayIndexOutOfBoundsException': 23> (0x00000007739f4bf0) thrown at [/HUDSON/workspace/8-2-build-linux-amd64/jdk8u221/13320/hotspot/src/share/vm/interpreter/interpreterRuntime.cpp, line 368]

Events (10 events):
Event: 190.212 Executing VM operation: ChangeBreakpoints done
Event: 190.216 Executing VM operation: EnterInterpOnlyMode
Event: 190.216 Executing nested VM operation: Deoptimize
Event: 190.216 Executing nested VM operation: Deoptimize done
Event: 190.216 Executing VM operation: EnterInterpOnlyMode done
Event: 190.216 Executing VM operation: GetCurrentLocation
Event: 190.216 Executing VM operation: GetCurrentLocation done
Event: 190.216 Executing VM operation: ChangeSingleStep
Event: 190.216 Executing VM operation: ChangeSingleStep done
Event: 190.217 Executing VM operation: GetOrSetLocal


Dynamic libraries:
00400000-00401000 r-xp 00000000 08:03 5119325                            /usr/lib/jvm/jdk1.8.0_221/bin/java
00600000-00601000 r--p 00000000 08:03 5119325                            /usr/lib/jvm/jdk1.8.0_221/bin/java
00601000-00602000 rw-p 00001000 08:03 5119325                            /usr/lib/jvm/jdk1.8.0_221/bin/java
009af000-009d0000 rw-p 00000000 00:00 0                                  [heap]
6c7c00000-6d3600000 rw-p 00000000 00:00 0 
6d3600000-76d400000 ---p 00000000 00:00 0 
76d400000-78b480000 rw-p 00000000 00:00 0 
78b480000-7c0000000 ---p 00000000 00:00 0 
7c0000000-7c0900000 rw-p 00000000 00:00 0 
7c0900000-800000000 ---p 00000000 00:00 0 
7f7c40000000-7f7c40ad1000 rw-p 00000000 00:00 0 
7f7c40ad1000-7f7c44000000 ---p 00000000 00:00 0 
7f7c44000000-7f7c44021000 rw-p 00000000 00:00 0 
7f7c44021000-7f7c48000000 ---p 00000000 00:00 0 
7f7c48000000-7f7c48601000 rw-p 00000000 00:00 0 
7f7c48601000-7f7c4c000000 ---p 00000000 00:00 0 
7f7c4c000000-7f7c4c097000 rw-p 00000000 00:00 0 
7f7c4c097000-7f7c50000000 ---p 00000000 00:00 0 
7f7c50000000-7f7c50021000 rw-p 00000000 00:00 0 
7f7c50021000-7f7c54000000 ---p 00000000 00:00 0 
7f7c54000000-7f7c54021000 rw-p 00000000 00:00 0 
7f7c54021000-7f7c58000000 ---p 00000000 00:00 0 
7f7c58000000-7f7c59081000 rw-p 00000000 00:00 0 
7f7c59081000-7f7c5c000000 ---p 00000000 00:00 0 
7f7c5c000000-7f7c5c021000 rw-p 00000000 00:00 0 
7f7c5c021000-7f7c60000000 ---p 00000000 00:00 0 
7f7c60000000-7f7c6285a000 rw-p 00000000 00:00 0 
7f7c6285a000-7f7c64000000 ---p 00000000 00:00 0 
7f7c64000000-7f7c6669c000 rw-p 00000000 00:00 0 
7f7c6669c000-7f7c68000000 ---p 00000000 00:00 0 
7f7c68000000-7f7c68021000 rw-p 00000000 00:00 0 
7f7c68021000-7f7c6c000000 ---p 00000000 00:00 0 
7f7c6c000000-7f7c6ed80000 rw-p 00000000 00:00 0 
7f7c6ed80000-7f7c70000000 ---p 00000000 00:00 0 
7f7c70000000-7f7c70097000 rw-p 00000000 00:00 0 
7f7c70097000-7f7c74000000 ---p 00000000 00:00 0 
7f7c74000000-7f7c74021000 rw-p 00000000 00:00 0 
7f7c74021000-7f7c78000000 ---p 00000000 00:00 0 
7f7c78000000-7f7c78021000 rw-p 00000000 00:00 0 
7f7c78021000-7f7c7c000000 ---p 00000000 00:00 0 
7f7c7c000000-7f7c7c021000 rw-p 00000000 00:00 0 
7f7c7c021000-7f7c80000000 ---p 00000000 00:00 0 
7f7c80000000-7f7c80021000 rw-p 00000000 00:00 0 
7f7c80021000-7f7c84000000 ---p 00000000 00:00 0 
7f7c843e0000-7f7c8c000000 rw-p 00000000 00:00 0 
7f7c8c000000-7f7c8c021000 rw-p 00000000 00:00 0 
7f7c8c021000-7f7c90000000 ---p 00000000 00:00 0 
7f7c90000000-7f7c902b9000 rw-p 00000000 00:00 0 
7f7c902b9000-7f7c94000000 ---p 00000000 00:00 0 
7f7c94000000-7f7c94021000 rw-p 00000000 00:00 0 
7f7c94021000-7f7c98000000 ---p 00000000 00:00 0 
7f7c9c000000-7f7c9c021000 rw-p 00000000 00:00 0 
7f7c9c021000-7f7ca0000000 ---p 00000000 00:00 0 
7f7ca4000000-7f7ca4021000 rw-p 00000000 00:00 0 
7f7ca4021000-7f7ca8000000 ---p 00000000 00:00 0 
7f7cac000000-7f7cac021000 rw-p 00000000 00:00 0 
7f7cac021000-7f7cb0000000 ---p 00000000 00:00 0 
7f7cb4000000-7f7cb4022000 rw-p 00000000 00:00 0 
7f7cb4022000-7f7cb8000000 ---p 00000000 00:00 0 
7f7cb857d000-7f7cb85fd000 rw-p 00000000 00:00 0 
7f7cb85fd000-7f7cb877d000 ---p 00000000 00:00 0 
7f7cb877d000-7f7cb897d000 rw-p 00000000 00:00 0 
7f7cb897d000-7f7cb8b7d000 rw-p 00000000 00:00 0 
7f7cb8b7d000-7f7cb8b80000 ---p 00000000 00:00 0 
7f7cb8b80000-7f7cb8e7e000 rw-p 00000000 00:00 0 
7f7cb8e7e000-7f7cb907e000 rw-p 00000000 00:00 0 
7f7cb907e000-7f7cb927e000 rw-p 00000000 00:00 0 
7f7cb927e000-7f7cb947e000 rw-p 00000000 00:00 0 
7f7cb947e000-7f7cb967e000 rw-p 00000000 00:00 0 
7f7cb967e000-7f7cb987e000 rw-p 00000000 00:00 0 
7f7cb987e000-7f7cb9a7e000 rw-p 00000000 00:00 0 
7f7cb9a7e000-7f7cb9c7e000 rw-p 00000000 00:00 0 
7f7cb9c7e000-7f7cb9e7e000 rw-p 00000000 00:00 0 
7f7cb9e7e000-7f7cba07e000 rw-p 00000000 00:00 0 
7f7cba07e000-7f7cba27e000 rw-p 00000000 00:00 0 
7f7cba27e000-7f7cba47e000 rw-p 00000000 00:00 0 
7f7cba47e000-7f7cba67e000 rw-p 00000000 00:00 0 
7f7cba67e000-7f7cba681000 ---p 00000000 00:00 0 
7f7cba681000-7f7cba97f000 rw-p 00000000 00:00 0 
7f7cba97f000-7f7cbab7f000 rw-p 00000000 00:00 0 
7f7cbab7f000-7f7cbab88000 r-xp 00000000 08:03 5512608                    /usr/lib/jvm/jdk1.8.0_221/jre/lib/amd64/libmanagement.so
7f7cbab88000-7f7cbad87000 ---p 00009000 08:03 5512608                    /usr/lib/jvm/jdk1.8.0_221/jre/lib/amd64/libmanagement.so
7f7cbad87000-7f7cbad88000 r--p 00008000 08:03 5512608                    /usr/lib/jvm/jdk1.8.0_221/jre/lib/amd64/libmanagement.so
7f7cbad88000-7f7cbad89000 rw-p 00009000 08:03 5512608                    /usr/lib/jvm/jdk1.8.0_221/jre/lib/amd64/libmanagement.so
7f7cbad89000-7f7cbaf89000 rw-p 00000000 00:00 0 
7f7cbaf89000-7f7cbb189000 rw-p 00000000 00:00 0 
7f7cbb189000-7f7cbb19a000 r-xp 00000000 08:03 5512668                    /usr/lib/jvm/jdk1.8.0_221/jre/lib/amd64/libnio.so
7f7cbb19a000-7f7cbb399000 ---p 00011000 08:03 5512668                    /usr/lib/jvm/jdk1.8.0_221/jre/lib/amd64/libnio.so
7f7cbb399000-7f7cbb39a000 r--p 00010000 08:03 5512668                    /usr/lib/jvm/jdk1.8.0_221/jre/lib/amd64/libnio.so
7f7cbb39a000-7f7cbb39b000 rw-p 00011000 08:03 5512668                    /usr/lib/jvm/jdk1.8.0_221/jre/lib/amd64/libnio.so
7f7cbb41b000-7f7cbb41e000 ---p 00000000 00:00 0 
7f7cbb41e000-7f7cbb71c000 rw-p 00000000 00:00 0 
7f7cbb71c000-7f7cbb91c000 rw-p 00000000 00:00 0 
7f7cbb91c000-7f7cbbb1c000 rw-p 00000000 00:00 0 
7f7cbbbfe000-7f7cbbc01000 ---p 00000000 00:00 0 
7f7cbbc01000-7f7cbbeff000 rw-p 00000000 00:00 0 
7f7cbbeff000-7f7cbbf02000 ---p 00000000 00:00 0 
7f7cbbf02000-7f7cbc000000 rw-p 00000000 00:00 0 
7f7cbc000000-7f7cbc021000 rw-p 00000000 00:00 0 
7f7cbc021000-7f7cc0000000 ---p 00000000 00:00 0 
7f7cc0053000-7f7cc00e9000 r--s 01114000 08:03 5512575                    /usr/lib/jvm/jdk1.8.0_221/jre/lib/ext/jfxrt.jar
7f7cc00e9000-7f7cc30ea000 rw-p 00000000 00:00 0 
7f7cc30ea000-7f7cc3100000 r-xp 00000000 08:03 5512607                    /usr/lib/jvm/jdk1.8.0_221/jre/lib/amd64/libnet.so
7f7cc3100000-7f7cc32ff000 ---p 00016000 08:03 5512607                    /usr/lib/jvm/jdk1.8.0_221/jre/lib/amd64/libnet.so
7f7cc32ff000-7f7cc3300000 r--p 00015000 08:03 5512607                    /usr/lib/jvm/jdk1.8.0_221/jre/lib/amd64/libnet.so
7f7cc3300000-7f7cc3301000 rw-p 00016000 08:03 5512607                    /usr/lib/jvm/jdk1.8.0_221/jre/lib/amd64/libnet.so
7f7cc3301000-7f7cc3302000 ---p 00000000 00:00 0 
7f7cc3302000-7f7cc3402000 rw-p 00000000 00:00 0 
7f7cc3402000-7f7cc3405000 ---p 00000000 00:00 0 
7f7cc3405000-7f7cc3503000 rw-p 00000000 00:00 0 
7f7cc3503000-7f7cc3504000 ---p 00000000 00:00 0 
7f7cc3504000-7f7cc3507000 ---p 00000000 00:00 0 
7f7cc3507000-7f7cc3604000 rw-p 00000000 00:00 0 
7f7cc3604000-7f7cc3605000 ---p 00000000 00:00 0 
7f7cc3605000-7f7cc3608000 ---p 00000000 00:00 0 
7f7cc3608000-7f7cc3705000 rw-p 00000000 00:00 0 
7f7cc3705000-7f7cc3706000 ---p 00000000 00:00 0 
7f7cc3706000-7f7cc3709000 ---p 00000000 00:00 0 
7f7cc3709000-7f7cc3806000 rw-p 00000000 00:00 0 
7f7cc3806000-7f7cc3807000 ---p 00000000 00:00 0 
7f7cc3807000-7f7cc380a000 ---p 00000000 00:00 0 
7f7cc380a000-7f7cc3907000 rw-p 00000000 00:00 0 
7f7cc3907000-7f7cc391a000 r--s 00345000 08:03 5382325                    /usr/lib/jvm/jdk1.8.0_221/jre/lib/resources.jar
7f7cc391a000-7f7cc391d000 r--s 0001a000 08:03 5382293                    /usr/lib/jvm/jdk1.8.0_221/jre/lib/jce.jar
7f7cc391d000-7f7cc3922000 r--s 000a3000 08:03 5382368                    /usr/lib/jvm/jdk1.8.0_221/jre/lib/jsse.jar
7f7cc3922000-7f7cc3925000 r--s 0001f000 08:05 13371790                   /home/rushdi/eclipse/jee-2019-06/eclipse/configuration/org.eclipse.osgi/405/0/.cp/lib/javaagent-shaded.jar
7f7cc3925000-7f7cc3928000 r--s 00014000 08:05 23071888                   /home/rushdi/.m2/repository/org/awaitility/awaitility/4.0.3/awaitility-4.0.3.jar
7f7cc3928000-7f7cc392a000 r--s 00016000 08:05 23071563                   /home/rushdi/.m2/repository/org/junit/platform/junit-platform-commons/1.6.2/junit-platform-commons-1.6.2.jar
7f7cc392a000-7f7cc392b000 r--s 00001000 08:05 22414360                   /home/rushdi/.m2/repository/org/opentest4j/opentest4j/1.2.0/opentest4j-1.2.0.jar
7f7cc392b000-7f7cc392f000 r--s 00022000 08:05 23071561                   /home/rushdi/.m2/repository/org/junit/jupiter/junit-jupiter-api/5.6.2/junit-jupiter-api-5.6.2.jar
7f7cc392f000-7f7cc3936000 r--s 00043000 08:05 14289715                   /home/rushdi/.m2/repository/com/icegreen/greenmail/1.6.5/greenmail-1.6.5.jar
7f7cc3936000-7f7cc3937000 r--s 00000000 08:05 14289713                   /home/rushdi/.m2/repository/com/icegreen/greenmail-junit5/1.6.5/greenmail-junit5-1.6.5.jar
7f7cc3937000-7f7cc393f000 r--s 00078000 08:05 23071828                   /home/rushdi/.m2/repository/org/apache/commons/commons-lang3/3.10/commons-lang3-3.10.jar
7f7cc393f000-7f7cc3944000 r--s 00012000 08:05 14289030                   /home/rushdi/.m2/repository/javax/validation/validation-api/2.0.1.Final/validation-api-2.0.1.Final.jar
7f7cc3944000-7f7cc3949000 r--s 00012000 08:05 14553553                   /home/rushdi/.m2/repository/jakarta/validation/jakarta.validation-api/2.0.2/jakarta.validation-api-2.0.2.jar
7f7cc3949000-7f7cc396a000 r--s 0011b000 08:05 23071547                   /home/rushdi/.m2/repository/org/hibernate/validator/hibernate-validator/6.1.5.Final/hibernate-validator-6.1.5.Final.jar
7f7cc396a000-7f7cc396f000 r--s 00036000 08:05 22414264                   /home/rushdi/.m2/repository/org/glassfish/jakarta.el/3.0.3/jakarta.el-3.0.3.jar
7f7cc396f000-7f7cc3970000 r--s 00001000 08:05 23334899                   /home/rushdi/.m2/repository/org/springframework/boot/spring-boot-starter-validation/2.3.4.RELEASE/spring-boot-starter-validation-2.3.4.RELEASE.jar
7f7cc3970000-7f7cc3975000 r--s 00025000 08:05 22414378                   /home/rushdi/.m2/repository/org/xmlunit/xmlunit-core/2.7.0/xmlunit-core-2.7.0.jar
7f7cc3975000-7f7cc3984000 r--s 00099000 08:05 23334911                   /home/rushdi/.m2/repository/org/springframework/spring-test/5.2.9.RELEASE/spring-test-5.2.9.RELEASE.jar
7f7cc3984000-7f7cc3985000 r--s 00005000 08:05 23334909                   /home/rushdi/.m2/repository/org/springframework/spring-jcl/5.2.9.RELEASE/spring-jcl-5.2.9.RELEASE.jar
7f7cc3985000-7f7cc39a1000 r--s 00145000 08:05 20451560                   /home/rushdi/.m2/repository/org/springframework/spring-core/5.2.9.RELEASE/spring-core-5.2.9.RELEASE.jar
7f7cc39a1000-7f7cc39a2000 r--s 00004000 08:05 14420852                   /home/rushdi/.m2/repository/com/vaadin/external/google/android-json/0.0.20131108.vaadin1/android-json-0.0.20131108.vaadin1.jar
7f7cc39a2000-7f7cc39a4000 r--s 00006000 08:05 22414376                   /home/rushdi/.m2/repository/org/skyscreamer/jsonassert/1.5.0/jsonassert-1.5.0.jar
7f7cc39a4000-7f7cc39a6000 r--s 00000000 08:05 23071575                   /home/rushdi/.m2/repository/org/mockito/mockito-junit-jupiter/3.3.3/mockito-junit-jupiter-3.3.3.jar
7f7cc39a6000-7f7cc39a8000 r--s 0000c000 08:05 22416153                   /home/rushdi/.m2/repository/org/objenesis/objenesis/2.6/objenesis-2.6.jar
7f7cc39a8000-7f7cc39ab000 r--s 0003d000 08:05 23334907                   /home/rushdi/.m2/repository/net/bytebuddy/byte-buddy-agent/1.10.14/byte-buddy-agent-1.10.14.jar
7f7cc39ab000-7f7cc39bc000 r--s 00080000 08:05 23071573                   /home/rushdi/.m2/repository/org/mockito/mockito-core/3.3.3/mockito-core-3.3.3.jar
7f7cc39bc000-7f7cc39c6000 r--s 00054000 08:05 16782793                   /home/rushdi/.m2/repository/junit/junit/4.13/junit-4.13.jar
7f7cc39c6000-7f7cc39cb000 r--s 00026000 08:05 23071571                   /home/rushdi/.m2/repository/org/junit/platform/junit-platform-engine/1.6.2/junit-platform-engine-1.6.2.jar
7f7cc39cb000-7f7cc39cc000 r--s 00000000 08:05 22414358                   /home/rushdi/.m2/repository/org/apiguardian/apiguardian-api/1.1.0/apiguardian-api-1.1.0.jar
7f7cc39cc000-7f7cc39ce000 r--s 0000e000 08:05 23071569                   /home/rushdi/.m2/repository/org/junit/vintage/junit-vintage-engine/5.6.2/junit-vintage-engine-5.6.2.jar
7f7cc39ce000-7f7cc39d3000 r--s 0002f000 08:05 23071567                   /home/rushdi/.m2/repository/org/junit/jupiter/junit-jupiter-engine/5.6.2/junit-jupiter-engine-5.6.2.jar
7f7cc39d3000-7f7cc39e0000 r--s 0007d000 08:05 23071565                   /home/rushdi/.m2/repository/org/junit/jupiter/junit-jupiter-params/5.6.2/junit-jupiter-params-5.6.2.jar
7f7cc39e0000-7f7cc39e1000 r--s 00001000 08:05 23071559                   /home/rushdi/.m2/repository/org/junit/jupiter/junit-jupiter/5.6.2/junit-jupiter-5.6.2.jar
7f7cc39e1000-7f7cc39e5000 r--s 0001b000 08:05 22414352                   /home/rushdi/.m2/repository/org/hamcrest/hamcrest/2.2/hamcrest-2.2.jar
7f7cc39e5000-7f7cc3a4d000 r--s 00410000 08:05 23071557                   /home/rushdi/.m2/repository/org/assertj/assertj-core/3.16.1/assertj-core-3.16.1.jar
7f7cc3a4d000-7f7cc3a4f000 r--s 0000a000 08:05 14420982                   /home/rushdi/.m2/repository/jakarta/activation/jakarta.activation-api/1.2.2/jakarta.activation-api-1.2.2.jar
7f7cc3a4f000-7f7cc3a53000 r--s 00019000 08:05 14553513                   /home/rushdi/.m2/repository/jakarta/xml/bind/jakarta.xml.bind-api/2.3.3/jakarta.xml.bind-api-2.3.3.jar
7f7cc3a53000-7f7cc3a55000 r--s 0000c000 08:05 22283778                   /home/rushdi/.m2/repository/org/ow2/asm/asm/5.0.4/asm-5.0.4.jar
7f7cc3a55000-7f7cc3a57000 r--s 00006000 08:05 15468551                   /home/rushdi/.m2/repository/net/minidev/accessors-smart/1.2/accessors-smart-1.2.jar
7f7cc3a57000-7f7cc3a5a000 r--s 0001b000 08:05 15337211                   /home/rushdi/.m2/repository/net/minidev/json-smart/2.3/json-smart-2.3.jar
7f7cc3a5a000-7f7cc3a60000 r--s 00031000 08:05 14288554                   /home/rushdi/.m2/repository/com/jayway/jsonpath/json-path/2.4.0/json-path-2.4.0.jar
7f7cc3a60000-7f7cc3a67000 r--s 00024000 08:05 23334905                   /home/rushdi/.m2/repository/org/springframework/boot/spring-boot-test-autoconfigure/2.3.4.RELEASE/spring-boot-test-autoconfigure-2.3.4.RELEASE.jar
7f7cc3a67000-7f7cc3a6d000 r--s 0002f000 08:05 23334903                   /home/rushdi/.m2/repository/org/springframework/boot/spring-boot-test/2.3.4.RELEASE/spring-boot-test-2.3.4.RELEASE.jar
7f7cc3a6d000-7f7cc3a6e000 r--s 00001000 08:05 23334901                   /home/rushdi/.m2/repository/org/springframework/boot/spring-boot-starter-test/2.3.4.RELEASE/spring-boot-starter-test-2.3.4.RELEASE.jar
7f7cc3a6e000-7f7cc3a86000 r--s 0019f000 08:05 23071549                   /home/rushdi/.m2/repository/org/projectlombok/lombok/1.18.12/lombok-1.18.12.jar
7f7cc3a86000-7f7cc3ab0000 r--s 0013f000 08:05 23334877                   /home/rushdi/.m2/repository/org/springframework/boot/spring-boot-autoconfigure/2.3.4.RELEASE/spring-boot-autoconfigure-2.3.4.RELEASE.jar
7f7cc3ab0000-7f7cc3ac8000 r--s 000fa000 08:05 23334875                   /home/rushdi/.m2/repository/org/springframework/boot/spring-boot/2.3.4.RELEASE/spring-boot-2.3.4.RELEASE.jar
7f7cc3ac8000-7f7cc3ace000 r--s 00031000 08:05 23462736                   /home/rushdi/.m2/repository/org/springframework/boot/spring-boot-devtools/2.3.4.RELEASE/spring-boot-devtools-2.3.4.RELEASE.jar
7f7cc3ace000-7f7cc3ad0000 r--s 0000f000 08:05 17042382                   /home/rushdi/.m2/repository/com/sun/activation/jakarta.activation/1.2.2/jakarta.activation-1.2.2.jar
7f7cc3ad0000-7f7cc3ad9000 r--s 0009b000 08:05 15732457                   /home/rushdi/.m2/repository/com/sun/mail/jakarta.mail/1.6.5/jakarta.mail-1.6.5.jar
7f7cc3ad9000-7f7cc3ade000 r--s 00028000 08:05 16782872                   /home/rushdi/.m2/repository/org/springframework/spring-context-support/5.2.9.RELEASE/spring-context-support-5.2.9.RELEASE.jar
7f7cc3ade000-7f7cc3adf000 r--s 00001000 08:05 23071854                   /home/rushdi/.m2/repository/org/springframework/boot/spring-boot-starter-mail/2.3.4.RELEASE/spring-boot-starter-mail-2.3.4.RELEASE.jar
7f7cc3adf000-7f7cc3ae4000 r--s 00040000 08:05 20977013                   /home/rushdi/.m2/repository/org/springframework/spring-expression/5.2.9.RELEASE/spring-expression-5.2.9.RELEASE.jar
7f7cc3ae4000-7f7cc3af6000 r--s 000d8000 08:05 21770552                   /home/rushdi/.m2/repository/org/springframework/spring-webmvc/5.2.9.RELEASE/spring-webmvc-5.2.9.RELEASE.jar
7f7cc3af6000-7f7cc3b13000 r--s 00144000 08:05 21370020                   /home/rushdi/.m2/repository/org/springframework/spring-web/5.2.9.RELEASE/spring-web-5.2.9.RELEASE.jar
7f7cc3b13000-7f7cc3b18000 r--s 0003d000 08:05 23334887                   /home/rushdi/.m2/repository/org/apache/tomcat/embed/tomcat-embed-websocket/9.0.38/tomcat-embed-websocket-9.0.38.jar
7f7cc3b18000-7f7cc3b44000 r--s 00313000 08:05 23334885                   /home/rushdi/.m2/repository/org/apache/tomcat/embed/tomcat-embed-core/9.0.38/tomcat-embed-core-9.0.38.jar
7f7cc3b44000-7f7cc3b45000 r--s 00001000 08:05 23334883                   /home/rushdi/.m2/repository/org/springframework/boot/spring-boot-starter-tomcat/2.3.4.RELEASE/spring-boot-starter-tomcat-2.3.4.RELEASE.jar
7f7cc3b45000-7f7cc3b47000 r--s 00001000 08:05 17171972                   /home/rushdi/.m2/repository/com/fasterxml/jackson/module/jackson-module-parameter-names/2.11.2/jackson-module-parameter-names-2.11.2.jar
7f7cc3b47000-7f7cc3b4b000 r--s 00018000 08:05 21631788                   /home/rushdi/.m2/repository/com/fasterxml/jackson/datatype/jackson-datatype-jsr310/2.11.2/jackson-datatype-jsr310-2.11.2.jar
7f7cc3b4b000-7f7cc3b4d000 r--s 00007000 08:05 21499258                   /home/rushdi/.m2/repository/com/fasterxml/jackson/datatype/jackson-datatype-jdk8/2.11.2/jackson-datatype-jdk8-2.11.2.jar
7f7cc3b4d000-7f7cc3b51000 r--s 00052000 08:05 17170887                   /home/rushdi/.m2/repository/com/fasterxml/jackson/core/jackson-core/2.11.2/jackson-core-2.11.2.jar
7f7cc3b51000-7f7cc3b54000 r--s 0000e000 08:05 17171390                   /home/rushdi/.m2/repository/com/fasterxml/jackson/core/jackson-annotations/2.11.2/jackson-annotations-2.11.2.jar
7f7cc3b54000-7f7cc3b69000 r--s 00146000 08:05 17171154                   /home/rushdi/.m2/repository/com/fasterxml/jackson/core/jackson-databind/2.11.2/jackson-databind-2.11.2.jar
7f7cc3b69000-7f7cc3b6a000 r--s 00001000 08:05 23334881                   /home/rushdi/.m2/repository/org/springframework/boot/spring-boot-starter-json/2.3.4.RELEASE/spring-boot-starter-json-2.3.4.RELEASE.jar
7f7cc3b6a000-7f7cc3b71000 r--s 00045000 08:05 22283794                   /home/rushdi/.m2/repository/org/yaml/snakeyaml/1.26/snakeyaml-1.26.jar
7f7cc3b71000-7f7cc3b73000 r--s 00005000 08:05 14420966                   /home/rushdi/.m2/repository/jakarta/annotation/jakarta.annotation-api/1.3.5/jakarta.annotation-api-1.3.5.jar
7f7cc3b73000-7f7cc3b75000 r--s 00000000 08:05 20320136                   /home/rushdi/.m2/repository/org/slf4j/jul-to-slf4j/1.7.30/jul-to-slf4j-1.7.30.jar
7f7cc3b75000-7f7cc3b7b000 r--s 00042000 08:05 22414392                   /home/rushdi/.m2/repository/org/apache/logging/log4j/log4j-api/2.13.3/log4j-api-2.13.3.jar
7f7cc3b7b000-7f7cc3b7d000 r--s 00003000 08:05 22417996                   /home/rushdi/.m2/repository/org/apache/logging/log4j/log4j-to-slf4j/2.13.3/log4j-to-slf4j-2.13.3.jar
7f7cc3b7d000-7f7cc3b88000 r--s 00069000 08:05 13108948                   /home/rushdi/.m2/repository/ch/qos/logback/logback-core/1.2.3/logback-core-1.2.3.jar
7f7cc3b88000-7f7cc3b8e000 r--s 00041000 08:05 12978186                   /home/rushdi/.m2/repository/ch/qos/logback/logback-classic/1.2.3/logback-classic-1.2.3.jar
7f7cc3b8e000-7f7cc3b8f000 r--s 00001000 08:05 23334879                   /home/rushdi/.m2/repository/org/springframework/boot/spring-boot-starter-logging/2.3.4.RELEASE/spring-boot-starter-logging-2.3.4.RELEASE.jar
7f7cc3b8f000-7f7cc3b90000 r--s 00001000 08:05 23334873                   /home/rushdi/.m2/repository/org/springframework/boot/spring-boot-starter/2.3.4.RELEASE/spring-boot-starter-2.3.4.RELEASE.jar
7f7cc3b90000-7f7cc3ba5000 r--s 0021e000 08:05 14288787                   /home/rushdi/.m2/repository/com/h2database/h2/1.4.200/h2-1.4.200.jar
7f7cc3ba5000-7f7cc3ba7000 r--s 0000a000 08:05 17567695                   /home/rushdi/.m2/repository/org/springframework/spring-aspects/5.2.9.RELEASE/spring-aspects-5.2.9.RELEASE.jar
7f7cc3ba7000-7f7cc3bb4000 r--s 0009c000 08:05 20846507                   /home/rushdi/.m2/repository/org/springframework/spring-beans/5.2.9.RELEASE/spring-beans-5.2.9.RELEASE.jar
7f7cc3bb4000-7f7cc3bbd000 r--s 00044000 08:05 17044593                   /home/rushdi/.m2/repository/org/springframework/spring-tx/5.2.9.RELEASE/spring-tx-5.2.9.RELEASE.jar
7f7cc3bbd000-7f7cc3bd9000 r--s 00111000 08:05 20581930                   /home/rushdi/.m2/repository/org/springframework/spring-context/5.2.9.RELEASE/spring-context-5.2.9.RELEASE.jar
7f7cc3bd9000-7f7cc3bf1000 r--s 00110000 08:05 23334897                   /home/rushdi/.m2/repository/org/springframework/data/spring-data-commons/2.3.4.RELEASE/spring-data-commons-2.3.4.RELEASE.jar
7f7cc3bf1000-7f7cc3bf9000 r--s 00052000 08:05 23334895                   /home/rushdi/.m2/repository/org/springframework/data/spring-data-jpa/2.3.4.RELEASE/spring-data-jpa-2.3.4.RELEASE.jar
7f7cc3bf9000-7f7cc3bfc000 ---p 00000000 00:00 0 
7f7cc3bfc000-7f7cc3cfa000 rw-p 00000000 00:00 0 
7f7cc3cfa000-7f7cc3cfd000 ---p 00000000 00:00 0 
7f7cc3cfd000-7f7cc3dfb000 rw-p 00000000 00:00 0 
7f7cc3dfb000-7f7cc3dff000 r-xp 00000000 08:03 5512618                    /usr/lib/jvm/jdk1.8.0_221/jre/lib/amd64/libdt_socket.so
7f7cc3dff000-7f7cc3ffe000 ---p 00004000 08:03 5512618                    /usr/lib/jvm/jdk1.8.0_221/jre/lib/amd64/libdt_socket.so
7f7cc3ffe000-7f7cc3fff000 r--p 00003000 08:03 5512618                    /usr/lib/jvm/jdk1.8.0_221/jre/lib/amd64/libdt_socket.so
7f7cc3fff000-7f7cc4000000 rw-p 00004000 08:03 5512618                    /usr/lib/jvm/jdk1.8.0_221/jre/lib/amd64/libdt_socket.so
7f7cc4000000-7f7cc4021000 rw-p 00000000 00:00 0 
7f7cc4021000-7f7cc8000000 ---p 00000000 00:00 0 
7f7cc8000000-7f7cc8002000 r--s 00009000 08:05 22414342                   /home/rushdi/.m2/repository/org/slf4j/slf4j-api/1.7.30/slf4j-api-1.7.30.jar
7f7cc8002000-7f7cc8007000 r--s 0002d000 08:05 17307676                   /home/rushdi/.m2/repository/org/springframework/spring-orm/5.2.9.RELEASE/spring-orm-5.2.9.RELEASE.jar
7f7cc8007000-7f7cc8009000 r--s 00006000 08:05 17042358                   /home/rushdi/.m2/repository/com/sun/istack/istack-commons-runtime/3.0.11/istack-commons-runtime-3.0.11.jar
7f7cc8009000-7f7cc800b000 r--s 00010000 08:05 22414404                   /home/rushdi/.m2/repository/org/glassfish/jaxb/txw2/2.3.3/txw2-2.3.3.jar
7f7cc800b000-7f7cc8020000 r--s 000e8000 08:05 22414402                   /home/rushdi/.m2/repository/org/glassfish/jaxb/jaxb-runtime/2.3.3/jaxb-runtime-2.3.3.jar
7f7cc8020000-7f7cc8023000 r--s 00010000 08:05 21241740                   /home/rushdi/.m2/repository/org/hibernate/common/hibernate-commons-annotations/5.1.0.Final/hibernate-commons-annotations-5.1.0.Final.jar
7f7cc8023000-7f7cc8028000 r--s 0004b000 08:05 22414890                   /home/rushdi/.m2/repository/org/dom4j/dom4j/2.1.3/dom4j-2.1.3.jar
7f7cc8028000-7f7cc8072000 r--s 00308000 08:05 22026114                   /home/rushdi/.m2/repository/net/bytebuddy/byte-buddy/1.10.14/byte-buddy-1.10.14.jar
7f7cc8072000-7f7cc80f8000 r--s 00677000 08:05 21896842                   /home/rushdi/.m2/repository/org/hibernate/hibernate-core/5.4.21.Final/hibernate-core-5.4.21.Final.jar
7f7cc80f8000-7f7cc80fb000 ---p 00000000 00:00 0 
7f7cc80fb000-7f7cc81f9000 rw-p 00000000 00:00 0 
7f7cc81f9000-7f7cc81fc000 ---p 00000000 00:00 0 
7f7cc81fc000-7f7cc82fa000 rw-p 00000000 00:00 0 
7f7cc82fa000-7f7cc82fd000 ---p 00000000 00:00 0 
7f7cc82fd000-7f7cc83fb000 rw-p 00000000 00:00 0 
7f7cc83fb000-7f7cc83fe000 ---p 00000000 00:00 0 
7f7cc83fe000-7f7cc84fc000 rw-p 00000000 00:00 0 
7f7cc84fc000-7f7cc84fd000 ---p 00000000 00:00 0 
7f7cc84fd000-7f7cca168000 rw-p 00000000 00:00 0 
7f7cca168000-7f7cca342000 r--s 03d88000 08:03 5382203                    /usr/lib/jvm/jdk1.8.0_221/jre/lib/rt.jar
7f7cca342000-7f7ccb423000 rw-p 00000000 00:00 0 
7f7ccb423000-7f7ccb424000 ---p 00000000 00:00 0 
7f7ccb424000-7f7ccb524000 rw-p 00000000 00:00 0 
7f7ccb524000-7f7ccb525000 ---p 00000000 00:00 0 
7f7ccb525000-7f7ccb625000 rw-p 00000000 00:00 0 
7f7ccb625000-7f7ccb626000 ---p 00000000 00:00 0 
7f7ccb626000-7f7ccb726000 rw-p 00000000 00:00 0 
7f7ccb726000-7f7ccb727000 ---p 00000000 00:00 0 
7f7ccb727000-7f7ccb827000 rw-p 00000000 00:00 0 
7f7ccb827000-7f7ccb828000 ---p 00000000 00:00 0 
7f7ccb828000-7f7ccb928000 rw-p 00000000 00:00 0 
7f7ccb928000-7f7ccb929000 ---p 00000000 00:00 0 
7f7ccb929000-7f7ccba29000 rw-p 00000000 00:00 0 
7f7ccba29000-7f7ccba2a000 ---p 00000000 00:00 0 
7f7ccba2a000-7f7ccbb87000 rw-p 00000000 00:00 0 
7f7ccbb87000-7f7ccc056000 ---p 00000000 00:00 0 
7f7ccc056000-7f7ccc0b3000 rw-p 00000000 00:00 0 
7f7ccc0b3000-7f7ccc582000 ---p 00000000 00:00 0 
7f7ccc582000-7f7ccc673000 rw-p 00000000 00:00 0 
7f7ccc673000-7f7ccc818000 ---p 00000000 00:00 0 
7f7ccc818000-7f7ccc855000 rw-p 00000000 00:00 0 
7f7ccc855000-7f7cccbd9000 ---p 00000000 00:00 0 
7f7cccbd9000-7f7ccdad9000 rwxp 00000000 00:00 0 
7f7ccdad9000-7f7cdbbd9000 ---p 00000000 00:00 0 
7f7cdbbd9000-7f7cdbbf4000 r-xp 00000000 08:03 5512630                    /usr/lib/jvm/jdk1.8.0_221/jre/lib/amd64/libzip.so
7f7cdbbf4000-7f7cdbdf3000 ---p 0001b000 08:03 5512630                    /usr/lib/jvm/jdk1.8.0_221/jre/lib/amd64/libzip.so
7f7cdbdf3000-7f7cdbdf4000 r--p 0001a000 08:03 5512630                    /usr/lib/jvm/jdk1.8.0_221/jre/lib/amd64/libzip.so
7f7cdbdf4000-7f7cdbdf5000 rw-p 0001b000 08:03 5512630                    /usr/lib/jvm/jdk1.8.0_221/jre/lib/amd64/libzip.so
7f7cdbdf5000-7f7cdbdff000 r-xp 00000000 08:03 5512632                    /usr/lib/jvm/jdk1.8.0_221/jre/lib/amd64/libinstrument.so
7f7cdbdff000-7f7cdbffe000 ---p 0000a000 08:03 5512632                    /usr/lib/jvm/jdk1.8.0_221/jre/lib/amd64/libinstrument.so
7f7cdbffe000-7f7cdbfff000 r--p 00009000 08:03 5512632                    /usr/lib/jvm/jdk1.8.0_221/jre/lib/amd64/libinstrument.so
7f7cdbfff000-7f7cdc000000 rw-p 0000a000 08:03 5512632                    /usr/lib/jvm/jdk1.8.0_221/jre/lib/amd64/libinstrument.so
7f7cdc000000-7f7cde8b9000 rw-p 00000000 00:00 0 
7f7cde8b9000-7f7ce0000000 ---p 00000000 00:00 0 
7f7ce0000000-7f7ce0001000 r--s 00001000 08:05 23334871                   /home/rushdi/.m2/repository/org/springframework/boot/spring-boot-starter-web/2.3.4.RELEASE/spring-boot-starter-web-2.3.4.RELEASE.jar
7f7ce0001000-7f7ce0003000 r--s 0000f000 08:05 17042543                   /home/rushdi/.m2/repository/com/fasterxml/classmate/1.5.1/classmate-1.5.1.jar
7f7ce0003000-7f7ce0006000 r--s 0002d000 08:05 22414888                   /home/rushdi/.m2/repository/org/jboss/jandex/2.1.3.Final/jandex-2.1.3.Final.jar
7f7ce0006000-7f7ce000b000 r--s 00068000 08:05 14813151                   /home/rushdi/.m2/repository/antlr/antlr/2.7.7/antlr-2.7.7.jar
7f7ce000b000-7f7ce0015000 r--s 000b4000 08:05 19140410                   /home/rushdi/.m2/repository/org/javassist/javassist/3.24.0-GA/javassist-3.24.0-GA.jar
7f7ce0015000-7f7ce0017000 r--s 0000d000 08:05 22414382                   /home/rushdi/.m2/repository/org/jboss/logging/jboss-logging/3.4.1.Final/jboss-logging-3.4.1.Final.jar
7f7ce0017000-7f7ce001d000 r--s 00023000 08:05 14553542                   /home/rushdi/.m2/repository/jakarta/persistence/jakarta.persistence-api/2.2.3/jakarta.persistence-api-2.2.3.jar
7f7ce001d000-7f7ce001e000 r--s 00003000 08:05 14553564                   /home/rushdi/.m2/repository/jakarta/transaction/jakarta.transaction-api/1.3.3/jakarta.transaction-api-1.3.3.jar
7f7ce001e000-7f7ce0027000 r--s 0005b000 08:05 16912053                   /home/rushdi/.m2/repository/org/springframework/spring-jdbc/5.2.9.RELEASE/spring-jdbc-5.2.9.RELEASE.jar
7f7ce0027000-7f7ce0040000 r--s 001dc000 08:05 17174735                   /home/rushdi/.m2/repository/org/aspectj/aspectjweaver/1.9.6/aspectjweaver-1.9.6.jar
7f7ce0040000-7f7ce004a000 r--s 00052000 08:05 20712983                   /home/rushdi/.m2/repository/org/springframework/spring-aop/5.2.9.RELEASE/spring-aop-5.2.9.RELEASE.jar
7f7ce004a000-7f7ce004b000 ---p 00000000 00:00 0 
7f7ce004b000-7f7ce014b000 rw-p 00000000 00:00 0 
7f7ce014b000-7f7ce06bb000 r--p 00000000 08:03 4856737                    /usr/lib/locale/locale-archive
7f7ce06bb000-7f7ce06bd000 r-xp 00000000 08:03 5512643                    /usr/lib/jvm/jdk1.8.0_221/jre/lib/amd64/libnpt.so
7f7ce06bd000-7f7ce08bd000 ---p 00002000 08:03 5512643                    /usr/lib/jvm/jdk1.8.0_221/jre/lib/amd64/libnpt.so
7f7ce08bd000-7f7ce08be000 r--p 00002000 08:03 5512643                    /usr/lib/jvm/jdk1.8.0_221/jre/lib/amd64/libnpt.so
7f7ce08be000-7f7ce08bf000 rw-p 00003000 08:03 5512643                    /usr/lib/jvm/jdk1.8.0_221/jre/lib/amd64/libnpt.so
7f7ce08bf000-7f7ce08f9000 r-xp 00000000 08:03 5512616                    /usr/lib/jvm/jdk1.8.0_221/jre/lib/amd64/libjdwp.so
7f7ce08f9000-7f7ce0af8000 ---p 0003a000 08:03 5512616                    /usr/lib/jvm/jdk1.8.0_221/jre/lib/amd64/libjdwp.so
7f7ce0af8000-7f7ce0af9000 r--p 00039000 08:03 5512616                    /usr/lib/jvm/jdk1.8.0_221/jre/lib/amd64/libjdwp.so
7f7ce0af9000-7f7ce0afa000 rw-p 0003a000 08:03 5512616                    /usr/lib/jvm/jdk1.8.0_221/jre/lib/amd64/libjdwp.so
7f7ce0afa000-7f7ce0b26000 r-xp 00000000 08:03 5512621                    /usr/lib/jvm/jdk1.8.0_221/jre/lib/amd64/libjava.so
7f7ce0b26000-7f7ce0d26000 ---p 0002c000 08:03 5512621                    /usr/lib/jvm/jdk1.8.0_221/jre/lib/amd64/libjava.so
7f7ce0d26000-7f7ce0d27000 r--p 0002c000 08:03 5512621                    /usr/lib/jvm/jdk1.8.0_221/jre/lib/amd64/libjava.so
7f7ce0d27000-7f7ce0d29000 rw-p 0002d000 08:03 5512621                    /usr/lib/jvm/jdk1.8.0_221/jre/lib/amd64/libjava.so
7f7ce0d29000-7f7ce0d36000 r-xp 00000000 08:03 5512612                    /usr/lib/jvm/jdk1.8.0_221/jre/lib/amd64/libverify.so
7f7ce0d36000-7f7ce0f35000 ---p 0000d000 08:03 5512612                    /usr/lib/jvm/jdk1.8.0_221/jre/lib/amd64/libverify.so
7f7ce0f35000-7f7ce0f37000 r--p 0000c000 08:03 5512612                    /usr/lib/jvm/jdk1.8.0_221/jre/lib/amd64/libverify.so
7f7ce0f37000-7f7ce0f38000 rw-p 0000e000 08:03 5512612                    /usr/lib/jvm/jdk1.8.0_221/jre/lib/amd64/libverify.so
7f7ce0f38000-7f7ce0f3a000 r--p 00000000 08:03 4858137                    /usr/lib/x86_64-linux-gnu/librt-2.31.so
7f7ce0f3a000-7f7ce0f3e000 r-xp 00002000 08:03 4858137                    /usr/lib/x86_64-linux-gnu/librt-2.31.so
7f7ce0f3e000-7f7ce0f40000 r--p 00006000 08:03 4858137                    /usr/lib/x86_64-linux-gnu/librt-2.31.so
7f7ce0f40000-7f7ce0f41000 r--p 00007000 08:03 4858137                    /usr/lib/x86_64-linux-gnu/librt-2.31.so
7f7ce0f41000-7f7ce0f42000 rw-p 00008000 08:03 4858137                    /usr/lib/x86_64-linux-gnu/librt-2.31.so
7f7ce0f42000-7f7ce0f43000 ---p 00000000 00:00 0 
7f7ce0f43000-7f7ce0f46000 ---p 00000000 00:00 0 
7f7ce0f46000-7f7ce1043000 rw-p 00000000 00:00 0 
7f7ce1043000-7f7ce1050000 r--p 00000000 08:03 4852909                    /usr/lib/x86_64-linux-gnu/libm-2.31.so
7f7ce1050000-7f7ce10f7000 r-xp 0000d000 08:03 4852909                    /usr/lib/x86_64-linux-gnu/libm-2.31.so
7f7ce10f7000-7f7ce1190000 r--p 000b4000 08:03 4852909                    /usr/lib/x86_64-linux-gnu/libm-2.31.so
7f7ce1190000-7f7ce1191000 r--p 0014c000 08:03 4852909                    /usr/lib/x86_64-linux-gnu/libm-2.31.so
7f7ce1191000-7f7ce1192000 rw-p 0014d000 08:03 4852909                    /usr/lib/x86_64-linux-gnu/libm-2.31.so
7f7ce1192000-7f7ce1e7a000 r-xp 00000000 08:03 5512628                    /usr/lib/jvm/jdk1.8.0_221/jre/lib/amd64/server/libjvm.so
7f7ce1e7a000-7f7ce2079000 ---p 00ce8000 08:03 5512628                    /usr/lib/jvm/jdk1.8.0_221/jre/lib/amd64/server/libjvm.so
7f7ce2079000-7f7ce210f000 r--p 00ce7000 08:03 5512628                    /usr/lib/jvm/jdk1.8.0_221/jre/lib/amd64/server/libjvm.so
7f7ce210f000-7f7ce2140000 rw-p 00d7d000 08:03 5512628                    /usr/lib/jvm/jdk1.8.0_221/jre/lib/amd64/server/libjvm.so
7f7ce2140000-7f7ce217d000 rw-p 00000000 00:00 0 
7f7ce217d000-7f7ce219f000 r--p 00000000 08:03 4852548                    /usr/lib/x86_64-linux-gnu/libc-2.31.so
7f7ce219f000-7f7ce2317000 r-xp 00022000 08:03 4852548                    /usr/lib/x86_64-linux-gnu/libc-2.31.so
7f7ce2317000-7f7ce2365000 r--p 0019a000 08:03 4852548                    /usr/lib/x86_64-linux-gnu/libc-2.31.so
7f7ce2365000-7f7ce2369000 r--p 001e7000 08:03 4852548                    /usr/lib/x86_64-linux-gnu/libc-2.31.so
7f7ce2369000-7f7ce236b000 rw-p 001eb000 08:03 4852548                    /usr/lib/x86_64-linux-gnu/libc-2.31.so
7f7ce236b000-7f7ce236f000 rw-p 00000000 00:00 0 
7f7ce236f000-7f7ce2370000 r--p 00000000 08:03 4852549                    /usr/lib/x86_64-linux-gnu/libdl-2.31.so
7f7ce2370000-7f7ce2372000 r-xp 00001000 08:03 4852549                    /usr/lib/x86_64-linux-gnu/libdl-2.31.so
7f7ce2372000-7f7ce2373000 r--p 00003000 08:03 4852549                    /usr/lib/x86_64-linux-gnu/libdl-2.31.so
7f7ce2373000-7f7ce2374000 r--p 00003000 08:03 4852549                    /usr/lib/x86_64-linux-gnu/libdl-2.31.so
7f7ce2374000-7f7ce2375000 rw-p 00004000 08:03 4852549                    /usr/lib/x86_64-linux-gnu/libdl-2.31.so
7f7ce2375000-7f7ce238c000 r-xp 00000000 08:03 5251998                    /usr/lib/jvm/jdk1.8.0_221/lib/amd64/jli/libjli.so
7f7ce238c000-7f7ce258b000 ---p 00017000 08:03 5251998                    /usr/lib/jvm/jdk1.8.0_221/lib/amd64/jli/libjli.so
7f7ce258b000-7f7ce258c000 r--p 00016000 08:03 5251998                    /usr/lib/jvm/jdk1.8.0_221/lib/amd64/jli/libjli.so
7f7ce258c000-7f7ce258d000 rw-p 00017000 08:03 5251998                    /usr/lib/jvm/jdk1.8.0_221/lib/amd64/jli/libjli.so
7f7ce258d000-7f7ce2593000 r--p 00000000 08:03 4858076                    /usr/lib/x86_64-linux-gnu/libpthread-2.31.so
7f7ce2593000-7f7ce25a4000 r-xp 00006000 08:03 4858076                    /usr/lib/x86_64-linux-gnu/libpthread-2.31.so
7f7ce25a4000-7f7ce25aa000 r--p 00017000 08:03 4858076                    /usr/lib/x86_64-linux-gnu/libpthread-2.31.so
7f7ce25aa000-7f7ce25ab000 r--p 0001c000 08:03 4858076                    /usr/lib/x86_64-linux-gnu/libpthread-2.31.so
7f7ce25ab000-7f7ce25ac000 rw-p 0001d000 08:03 4858076                    /usr/lib/x86_64-linux-gnu/libpthread-2.31.so
7f7ce25ac000-7f7ce25b2000 rw-p 00000000 00:00 0 
7f7ce25b2000-7f7ce25b6000 r--s 00023000 08:05 15078407                   /home/rushdi/.m2/repository/com/zaxxer/HikariCP/3.4.5/HikariCP-3.4.5.jar
7f7ce25b6000-7f7ce25b7000 r--s 00001000 08:05 23334893                   /home/rushdi/.m2/repository/org/springframework/boot/spring-boot-starter-jdbc/2.3.4.RELEASE/spring-boot-starter-jdbc-2.3.4.RELEASE.jar
7f7ce25b7000-7f7ce25b8000 r--s 00001000 08:05 23334891                   /home/rushdi/.m2/repository/org/springframework/boot/spring-boot-starter-aop/2.3.4.RELEASE/spring-boot-starter-aop-2.3.4.RELEASE.jar
7f7ce25b8000-7f7ce25b9000 r--s 00001000 08:05 23334889                   /home/rushdi/.m2/repository/org/springframework/boot/spring-boot-starter-data-jpa/2.3.4.RELEASE/spring-boot-starter-data-jpa-2.3.4.RELEASE.jar
7f7ce25b9000-7f7ce25c1000 rw-s 00000000 08:03 2888295                    /tmp/hsperfdata_rushdi/205251
7f7ce25c1000-7f7ce25c4000 r--p 00000000 08:03 4853892                    /usr/lib/x86_64-linux-gnu/libnss_files-2.31.so
7f7ce25c4000-7f7ce25cb000 r-xp 00003000 08:03 4853892                    /usr/lib/x86_64-linux-gnu/libnss_files-2.31.so
7f7ce25cb000-7f7ce25cd000 r--p 0000a000 08:03 4853892                    /usr/lib/x86_64-linux-gnu/libnss_files-2.31.so
7f7ce25cd000-7f7ce25ce000 r--p 0000b000 08:03 4853892                    /usr/lib/x86_64-linux-gnu/libnss_files-2.31.so
7f7ce25ce000-7f7ce25cf000 rw-p 0000c000 08:03 4853892                    /usr/lib/x86_64-linux-gnu/libnss_files-2.31.so
7f7ce25cf000-7f7ce25d6000 rw-p 00000000 00:00 0 
7f7ce25d6000-7f7ce25d7000 r--p 00000000 08:03 4851892                    /usr/lib/x86_64-linux-gnu/ld-2.31.so
7f7ce25d7000-7f7ce25fa000 r-xp 00001000 08:03 4851892                    /usr/lib/x86_64-linux-gnu/ld-2.31.so
7f7ce25fa000-7f7ce2602000 r--p 00024000 08:03 4851892                    /usr/lib/x86_64-linux-gnu/ld-2.31.so
7f7ce2602000-7f7ce2603000 ---p 00000000 00:00 0 
7f7ce2603000-7f7ce2604000 r--p 0002c000 08:03 4851892                    /usr/lib/x86_64-linux-gnu/ld-2.31.so
7f7ce2604000-7f7ce2605000 rw-p 0002d000 08:03 4851892                    /usr/lib/x86_64-linux-gnu/ld-2.31.so
7f7ce2605000-7f7ce2606000 rw-p 00000000 00:00 0 
7fff34e09000-7fff34e2d000 rw-p 00000000 00:00 0                          [stack]
7fff34ebe000-7fff34ec2000 r--p 00000000 00:00 0                          [vvar]
7fff34ec2000-7fff34ec4000 r-xp 00000000 00:00 0                          [vdso]
ffffffffff600000-ffffffffff601000 --xp 00000000 00:00 0                  [vsyscall]

VM Arguments:
jvm_args: -agentlib:jdwp=transport=dt_socket,suspend=y,address=localhost:42677 -ea -javaagent:/home/rushdi/eclipse/jee-2019-06/eclipse/configuration/org.eclipse.osgi/405/0/.cp/lib/javaagent-shaded.jar -Dfile.encoding=UTF-8 
java_command: org.eclipse.jdt.internal.junit.runner.RemoteTestRunner -version 3 -port 36709 -testLoaderClass org.eclipse.jdt.internal.junit5.runner.JUnit5TestLoader -loaderpluginname org.eclipse.jdt.junit5.runtime -test com.secret.escape.account.transfer.manager.AccountsManagerTest:getAllAccounts -uniqueId [engine:junit-jupiter]/[class:com.secret.escape.account.transfer.manager.AccountsManagerTest]/[method:getAllAccounts()]
java_class_path (initial): /home/rushdi/workspace/latest-secret-escape-account-transfer/account-transfer-api/target/test-classes:/home/rushdi/workspace/latest-secret-escape-account-transfer/account-transfer-api/target/classes:/home/rushdi/.m2/repository/org/springframework/boot/spring-boot-starter-data-jpa/2.3.4.RELEASE/spring-boot-starter-data-jpa-2.3.4.RELEASE.jar:/home/rushdi/.m2/repository/org/springframework/boot/spring-boot-starter-aop/2.3.4.RELEASE/spring-boot-starter-aop-2.3.4.RELEASE.jar:/home/rushdi/.m2/repository/org/springframework/spring-aop/5.2.9.RELEASE/spring-aop-5.2.9.RELEASE.jar:/home/rushdi/.m2/repository/org/aspectj/aspectjweaver/1.9.6/aspectjweaver-1.9.6.jar:/home/rushdi/.m2/repository/org/springframework/boot/spring-boot-starter-jdbc/2.3.4.RELEASE/spring-boot-starter-jdbc-2.3.4.RELEASE.jar:/home/rushdi/.m2/repository/com/zaxxer/HikariCP/3.4.5/HikariCP-3.4.5.jar:/home/rushdi/.m2/repository/org/springframework/spring-jdbc/5.2.9.RELEASE/spring-jdbc-5.2.9.RELEASE.jar:/home/rushdi/.m2/repository/jakarta/transaction/jakarta.transaction-api/1.3.3/jakarta.transaction-api-1.3.3.jar:/home/rushdi/.m2/repository/jakarta/persistence/jakarta.persistence-api/2.2.3/jakarta.persistence-api-2.2.3.jar:/home/rushdi/.m2/repository/org/hibernate/hibernate-core/5.4.21.Final/hibernate-core-5.4.21.Final.jar:/home/rushdi/.m2/repository/org/jboss/logging/jboss-logging/3.4.1.Final/jboss-logging-3.4.1.Final.jar:/home/rushdi/.m2/repository/org/javassist/javassist/3.24.0-GA/javassist-3.24.0-GA.jar:/home/rushdi/.m2/repository/net/bytebuddy/byte-buddy/1.10.14/byte-buddy-1.10.14.jar:/home/rushdi/.m2/repository/antlr/antlr/2.7.7/antlr-2.7.7.jar:/home/rushdi/.m2/repository/org/jboss/jandex/2.1.3.Final/jandex-2.1.3.Final.jar:/home/rushdi/.m2/repository/com/fasterxml/classmate/1.5.1/classmate-1.5.1.jar:/home/rushdi/.m2/repository/org/dom4j/dom4j/2.1.3/dom4j-2.1.3.jar:/home/rushdi/.m2/repository/org/hibernate/common/hibernate-commons-annotations/5.1.0.Final/hibernate-commons-annot
Launcher Type: SUN_STANDARD

Environment Variables:
PATH=/usr/local/sbin:/usr/local/bin:/usr/sbin:/usr/bin:/sbin:/bin:/usr/games:/usr/local/games:/snap/bin
SHELL=/bin/bash
DISPLAY=:0

Signal Handlers:
SIGSEGV: [libjvm.so+0xad3d90], sa_mask[0]=11111111011111111101111111111110, sa_flags=SA_RESTART|SA_SIGINFO
SIGBUS: [libjvm.so+0xad3d90], sa_mask[0]=11111111011111111101111111111110, sa_flags=SA_RESTART|SA_SIGINFO
SIGFPE: [libjvm.so+0x90b8b0], sa_mask[0]=11111111011111111101111111111110, sa_flags=SA_RESTART|SA_SIGINFO
SIGPIPE: [libjvm.so+0x90b8b0], sa_mask[0]=11111111011111111101111111111110, sa_flags=SA_RESTART|SA_SIGINFO
SIGXFSZ: [libjvm.so+0x90b8b0], sa_mask[0]=11111111011111111101111111111110, sa_flags=SA_RESTART|SA_SIGINFO
SIGILL: [libjvm.so+0x90b8b0], sa_mask[0]=11111111011111111101111111111110, sa_flags=SA_RESTART|SA_SIGINFO
SIGUSR1: SIG_DFL, sa_mask[0]=00000000000000000000000000000000, sa_flags=none
SIGUSR2: [libjvm.so+0x90b780], sa_mask[0]=00100000000000000000000000000000, sa_flags=SA_RESTART|SA_SIGINFO
SIGHUP: [libjvm.so+0x90bda0], sa_mask[0]=11111111011111111101111111111110, sa_flags=SA_RESTART|SA_SIGINFO
SIGINT: [libjvm.so+0x90bda0], sa_mask[0]=11111111011111111101111111111110, sa_flags=SA_RESTART|SA_SIGINFO
SIGTERM: [libjvm.so+0x90bda0], sa_mask[0]=11111111011111111101111111111110, sa_flags=SA_RESTART|SA_SIGINFO
SIGQUIT: [libjvm.so+0x90bda0], sa_mask[0]=11111111011111111101111111111110, sa_flags=SA_RESTART|SA_SIGINFO


---------------  S Y S T E M  ---------------

OS:DISTRIB_ID=LinuxMint
DISTRIB_RELEASE=20.2
DISTRIB_CODENAME=uma
DISTRIB_DESCRIPTION="Linux Mint 20.2 Uma"

uname:Linux 5.13.0-30-generic #33~20.04.1-Ubuntu SMP Mon Feb 7 14:25:10 UTC 2022 x86_64
libc:glibc 2.31 NPTL 2.31 
rlimit: STACK 8192k, CORE 0k, NPROC 63096, NOFILE 1048576, AS infinity
load average:1.07 1.77 1.85

/proc/meminfo:
MemTotal:       16262388 kB
MemFree:         1381668 kB
MemAvailable:    2934028 kB
Buffers:           34276 kB
Cached:          1320576 kB
SwapCached:       512880 kB
Active:          5647592 kB
Inactive:        8283384 kB
Active(anon):    5014776 kB
Inactive(anon):  7177508 kB
Active(file):     632816 kB
Inactive(file):  1105876 kB
Unevictable:      204000 kB
Mlocked:             784 kB
SwapTotal:      15625212 kB
SwapFree:        4194836 kB
Dirty:               360 kB
Writeback:             0 kB
AnonPages:      12269616 kB
Mapped:           494428 kB
Shmem:            557240 kB
KReclaimable:     141420 kB
Slab:             386316 kB
SReclaimable:     141420 kB
SUnreclaim:       244896 kB
KernelStack:       58320 kB
PageTables:       189796 kB
NFS_Unstable:          0 kB
Bounce:                0 kB
WritebackTmp:          0 kB
CommitLimit:    23756404 kB
Committed_AS:   60986196 kB
VmallocTotal:   34359738367 kB
VmallocUsed:       90552 kB
VmallocChunk:          0 kB
Percpu:             7328 kB
HardwareCorrupted:     0 kB
AnonHugePages:         0 kB
ShmemHugePages:        0 kB
ShmemPmdMapped:        0 kB
FileHugePages:         0 kB
FilePmdMapped:         0 kB
HugePages_Total:       0
HugePages_Free:        0
HugePages_Rsvd:        0
HugePages_Surp:        0
Hugepagesize:       2048 kB
Hugetlb:               0 kB
DirectMap4k:      716276 kB
DirectMap2M:    15937536 kB
DirectMap1G:           0 kB

container (cgroup) information:
container_type: cgroupv1
cpu_cpuset_cpus: 0-7
cpu_memory_nodes: 0
active_processor_count: 8
cpu_quota: -1
cpu_period: 100000
cpu_shares: -1
memory_limit_in_bytes: -1
memory_and_swap_limit_in_bytes: -1
memory_soft_limit_in_bytes: -1
memory_usage_in_bytes: 13712195584
memory_max_usage_in_bytes: 15214665728


CPU:total 8 (initial active 8) (4 cores per cpu, 2 threads per core) family 6 model 142 stepping 10, cmov, cx8, fxsr, mmx, sse, sse2, sse3, ssse3, sse4.1, sse4.2, popcnt, avx, avx2, aes, clmul, erms, rtm, 3dnowpref, lzcnt, ht, tsc, tscinvbit, bmi1, bmi2, adx

/proc/cpuinfo:
processor	: 0
vendor_id	: GenuineIntel
cpu family	: 6
model		: 142
model name	: Intel(R) Core(TM) i7-8650U CPU @ 1.90GHz
stepping	: 10
microcode	: 0xea
cpu MHz		: 2100.000
cache size	: 8192 KB
physical id	: 0
siblings	: 8
core id		: 0
cpu cores	: 4
apicid		: 0
initial apicid	: 0
fpu		: yes
fpu_exception	: yes
cpuid level	: 22
wp		: yes
flags		: fpu vme de pse tsc msr pae mce cx8 apic sep mtrr pge mca cmov pat pse36 clflush dts acpi mmx fxsr sse sse2 ss ht tm pbe syscall nx pdpe1gb rdtscp lm constant_tsc art arch_perfmon pebs bts rep_good nopl xtopology nonstop_tsc cpuid aperfmperf pni pclmulqdq dtes64 monitor ds_cpl vmx smx est tm2 ssse3 sdbg fma cx16 xtpr pdcm pcid sse4_1 sse4_2 x2apic movbe popcnt tsc_deadline_timer aes xsave avx f16c rdrand lahf_lm abm 3dnowprefetch cpuid_fault epb invpcid_single pti ssbd ibrs ibpb stibp tpr_shadow vnmi flexpriority ept vpid ept_ad fsgsbase tsc_adjust bmi1 hle avx2 smep bmi2 erms invpcid rtm mpx rdseed adx smap clflushopt intel_pt xsaveopt xsavec xgetbv1 xsaves dtherm ida arat pln pts hwp hwp_notify hwp_act_window hwp_epp md_clear flush_l1d
vmx flags	: vnmi preemption_timer invvpid ept_x_only ept_ad ept_1gb flexpriority tsc_offset vtpr mtf vapic ept vpid unrestricted_guest ple shadow_vmcs pml ept_mode_based_exec
bugs		: cpu_meltdown spectre_v1 spectre_v2 spec_store_bypass l1tf mds swapgs taa itlb_multihit srbds
bogomips	: 4199.88
clflush size	: 64
cache_alignment	: 64
address sizes	: 39 bits physical, 48 bits virtual
power management:

processor	: 1
vendor_id	: GenuineIntel
cpu family	: 6
model		: 142
model name	: Intel(R) Core(TM) i7-8650U CPU @ 1.90GHz
stepping	: 10
microcode	: 0xea
cpu MHz		: 2100.000
cache size	: 8192 KB
physical id	: 0
siblings	: 8
core id		: 1
cpu cores	: 4
apicid		: 2
initial apicid	: 2
fpu		: yes
fpu_exception	: yes
cpuid level	: 22
wp		: yes
flags		: fpu vme de pse tsc msr pae mce cx8 apic sep mtrr pge mca cmov pat pse36 clflush dts acpi mmx fxsr sse sse2 ss ht tm pbe syscall nx pdpe1gb rdtscp lm constant_tsc art arch_perfmon pebs bts rep_good nopl xtopology nonstop_tsc cpuid aperfmperf pni pclmulqdq dtes64 monitor ds_cpl vmx smx est tm2 ssse3 sdbg fma cx16 xtpr pdcm pcid sse4_1 sse4_2 x2apic movbe popcnt tsc_deadline_timer aes xsave avx f16c rdrand lahf_lm abm 3dnowprefetch cpuid_fault epb invpcid_single pti ssbd ibrs ibpb stibp tpr_shadow vnmi flexpriority ept vpid ept_ad fsgsbase tsc_adjust bmi1 hle avx2 smep bmi2 erms invpcid rtm mpx rdseed adx smap clflushopt intel_pt xsaveopt xsavec xgetbv1 xsaves dtherm ida arat pln pts hwp hwp_notify hwp_act_window hwp_epp md_clear flush_l1d
vmx flags	: vnmi preemption_timer invvpid ept_x_only ept_ad ept_1gb flexpriority tsc_offset vtpr mtf vapic ept vpid unrestricted_guest ple shadow_vmcs pml ept_mode_based_exec
bugs		: cpu_meltdown spectre_v1 spectre_v2 spec_store_bypass l1tf mds swapgs taa itlb_multihit srbds
bogomips	: 4199.88
clflush size	: 64
cache_alignment	: 64
address sizes	: 39 bits physical, 48 bits virtual
power management:

processor	: 2
vendor_id	: GenuineIntel
cpu family	: 6
model		: 142
model name	: Intel(R) Core(TM) i7-8650U CPU @ 1.90GHz
stepping	: 10
microcode	: 0xea
cpu MHz		: 2100.000
cache size	: 8192 KB
physical id	: 0
siblings	: 8
core id		: 2
cpu cores	: 4
apicid		: 4
initial apicid	: 4
fpu		: yes
fpu_exception	: yes
cpuid level	: 22
wp		: yes
flags		: fpu vme de pse tsc msr pae mce cx8 apic sep mtrr pge mca cmov pat pse36 clflush dts acpi mmx fxsr sse sse2 ss ht tm pbe syscall nx pdpe1gb rdtscp lm constant_tsc art arch_perfmon pebs bts rep_good nopl xtopology nonstop_tsc cpuid aperfmperf pni pclmulqdq dtes64 monitor ds_cpl vmx smx est tm2 ssse3 sdbg fma cx16 xtpr pdcm pcid sse4_1 sse4_2 x2apic movbe popcnt tsc_deadline_timer aes xsave avx f16c rdrand lahf_lm abm 3dnowprefetch cpuid_fault epb invpcid_single pti ssbd ibrs ibpb stibp tpr_shadow vnmi flexpriority ept vpid ept_ad fsgsbase tsc_adjust bmi1 hle avx2 smep bmi2 erms invpcid rtm mpx rdseed adx smap clflushopt intel_pt xsaveopt xsavec xgetbv1 xsaves dtherm ida arat pln pts hwp hwp_notify hwp_act_window hwp_epp md_clear flush_l1d
vmx flags	: vnmi preemption_timer invvpid ept_x_only ept_ad ept_1gb flexpriority tsc_offset vtpr mtf vapic ept vpid unrestricted_guest ple shadow_vmcs pml ept_mode_based_exec
bugs		: cpu_meltdown spectre_v1 spectre_v2 spec_store_bypass l1tf mds swapgs taa itlb_multihit srbds
bogomips	: 4199.88
clflush size	: 64
cache_alignment	: 64
address sizes	: 39 bits physical, 48 bits virtual
power management:

processor	: 3
vendor_id	: GenuineIntel
cpu family	: 6
model		: 142
model name	: Intel(R) Core(TM) i7-8650U CPU @ 1.90GHz
stepping	: 10
microcode	: 0xea
cpu MHz		: 2100.000
cache size	: 8192 KB
physical id	: 0
siblings	: 8
core id		: 3
cpu cores	: 4
apicid		: 6
initial apicid	: 6
fpu		: yes
fpu_exception	: yes
cpuid level	: 22
wp		: yes
flags		: fpu vme de pse tsc msr pae mce cx8 apic sep mtrr pge mca cmov pat pse36 clflush dts acpi mmx fxsr sse sse2 ss ht tm pbe syscall nx pdpe1gb rdtscp lm constant_tsc art arch_perfmon pebs bts rep_good nopl xtopology nonstop_tsc cpuid aperfmperf pni pclmulqdq dtes64 monitor ds_cpl vmx smx est tm2 ssse3 sdbg fma cx16 xtpr pdcm pcid sse4_1 sse4_2 x2apic movbe popcnt tsc_deadline_timer aes xsave avx f16c rdrand lahf_lm abm 3dnowprefetch cpuid_fault epb invpcid_single pti ssbd ibrs ibpb stibp tpr_shadow vnmi flexpriority ept vpid ept_ad fsgsbase tsc_adjust bmi1 hle avx2 smep bmi2 erms invpcid rtm mpx rdseed adx smap clflushopt intel_pt xsaveopt xsavec xgetbv1 xsaves dtherm ida arat pln pts hwp hwp_notify hwp_act_window hwp_epp md_clear flush_l1d
vmx flags	: vnmi preemption_timer invvpid ept_x_only ept_ad ept_1gb flexpriority tsc_offset vtpr mtf vapic ept vpid unrestricted_guest ple shadow_vmcs pml ept_mode_based_exec
bugs		: cpu_meltdown spectre_v1 spectre_v2 spec_store_bypass l1tf mds swapgs taa itlb_multihit srbds
bogomips	: 4199.88
clflush size	: 64
cache_alignment	: 64
address sizes	: 39 bits physical, 48 bits virtual
power management:

processor	: 4
vendor_id	: GenuineIntel
cpu family	: 6
model		: 142
model name	: Intel(R) Core(TM) i7-8650U CPU @ 1.90GHz
stepping	: 10
microcode	: 0xea
cpu MHz		: 2100.000
cache size	: 8192 KB
physical id	: 0
siblings	: 8
core id		: 0
cpu cores	: 4
apicid		: 1
initial apicid	: 1
fpu		: yes
fpu_exception	: yes
cpuid level	: 22
wp		: yes
flags		: fpu vme de pse tsc msr pae mce cx8 apic sep mtrr pge mca cmov pat pse36 clflush dts acpi mmx fxsr sse sse2 ss ht tm pbe syscall nx pdpe1gb rdtscp lm constant_tsc art arch_perfmon pebs bts rep_good nopl xtopology nonstop_tsc cpuid aperfmperf pni pclmulqdq dtes64 monitor ds_cpl vmx smx est tm2 ssse3 sdbg fma cx16 xtpr pdcm pcid sse4_1 sse4_2 x2apic movbe popcnt tsc_deadline_timer aes xsave avx f16c rdrand lahf_lm abm 3dnowprefetch cpuid_fault epb invpcid_single pti ssbd ibrs ibpb stibp tpr_shadow vnmi flexpriority ept vpid ept_ad fsgsbase tsc_adjust bmi1 hle avx2 smep bmi2 erms invpcid rtm mpx rdseed adx smap clflushopt intel_pt xsaveopt xsavec xgetbv1 xsaves dtherm ida arat pln pts hwp hwp_notify hwp_act_window hwp_epp md_clear flush_l1d
vmx flags	: vnmi preemption_timer invvpid ept_x_only ept_ad ept_1gb flexpriority tsc_offset vtpr mtf vapic ept vpid unrestricted_guest ple shadow_vmcs pml ept_mode_based_exec
bugs		: cpu_meltdown spectre_v1 spectre_v2 spec_store_bypass l1tf mds swapgs taa itlb_multihit srbds
bogomips	: 4199.88
clflush size	: 64
cache_alignment	: 64
address sizes	: 39 bits physical, 48 bits virtual
power management:

processor	: 5
vendor_id	: GenuineIntel
cpu family	: 6
model		: 142
model name	: Intel(R) Core(TM) i7-8650U CPU @ 1.90GHz
stepping	: 10
microcode	: 0xea
cpu MHz		: 2754.140
cache size	: 8192 KB
physical id	: 0
siblings	: 8
core id		: 1
cpu cores	: 4
apicid		: 3
initial apicid	: 3
fpu		: yes
fpu_exception	: yes
cpuid level	: 22
wp		: yes
flags		: fpu vme de pse tsc msr pae mce cx8 apic sep mtrr pge mca cmov pat pse36 clflush dts acpi mmx fxsr sse sse2 ss ht tm pbe syscall nx pdpe1gb rdtscp lm constant_tsc art arch_perfmon pebs bts rep_good nopl xtopology nonstop_tsc cpuid aperfmperf pni pclmulqdq dtes64 monitor ds_cpl vmx smx est tm2 ssse3 sdbg fma cx16 xtpr pdcm pcid sse4_1 sse4_2 x2apic movbe popcnt tsc_deadline_timer aes xsave avx f16c rdrand lahf_lm abm 3dnowprefetch cpuid_fault epb invpcid_single pti ssbd ibrs ibpb stibp tpr_shadow vnmi flexpriority ept vpid ept_ad fsgsbase tsc_adjust bmi1 hle avx2 smep bmi2 erms invpcid rtm mpx rdseed adx smap clflushopt intel_pt xsaveopt xsavec xgetbv1 xsaves dtherm ida arat pln pts hwp hwp_notify hwp_act_window hwp_epp md_clear flush_l1d
vmx flags	: vnmi preemption_timer invvpid ept_x_only ept_ad ept_1gb flexpriority tsc_offset vtpr mtf vapic ept vpid unrestricted_guest ple shadow_vmcs pml ept_mode_based_exec
bugs		: cpu_meltdown spectre_v1 spectre_v2 spec_store_bypass l1tf mds swapgs taa itlb_multihit srbds
bogomips	: 4199.88
clflush size	: 64
cache_alignment	: 64
address sizes	: 39 bits physical, 48 bits virtual
power management:

processor	: 6
vendor_id	: GenuineIntel
cpu family	: 6
model		: 142
model name	: Intel(R) Core(TM) i7-8650U CPU @ 1.90GHz
stepping	: 10
microcode	: 0xea
cpu MHz		: 2100.000
cache size	: 8192 KB
physical id	: 0
siblings	: 8
core id		: 2
cpu cores	: 4
apicid		: 5
initial apicid	: 5
fpu		: yes
fpu_exception	: yes
cpuid level	: 22
wp		: yes
flags		: fpu vme de pse tsc msr pae mce cx8 apic sep mtrr pge mca cmov pat pse36 clflush dts acpi mmx fxsr sse sse2 ss ht tm pbe syscall nx pdpe1gb rdtscp lm constant_tsc art arch_perfmon pebs bts rep_good nopl xtopology nonstop_tsc cpuid aperfmperf pni pclmulqdq dtes64 monitor ds_cpl vmx smx est tm2 ssse3 sdbg fma cx16 xtpr pdcm pcid sse4_1 sse4_2 x2apic movbe popcnt tsc_deadline_timer aes xsave avx f16c rdrand lahf_lm abm 3dnowprefetch cpuid_fault epb invpcid_single pti ssbd ibrs ibpb stibp tpr_shadow vnmi flexpriority ept vpid ept_ad fsgsbase tsc_adjust bmi1 hle avx2 smep bmi2 erms invpcid rtm mpx rdseed adx smap clflushopt intel_pt xsaveopt xsavec xgetbv1 xsaves dtherm ida arat pln pts hwp hwp_notify hwp_act_window hwp_epp md_clear flush_l1d
vmx flags	: vnmi preemption_timer invvpid ept_x_only ept_ad ept_1gb flexpriority tsc_offset vtpr mtf vapic ept vpid unrestricted_guest ple shadow_vmcs pml ept_mode_based_exec
bugs		: cpu_meltdown spectre_v1 spectre_v2 spec_store_bypass l1tf mds swapgs taa itlb_multihit srbds
bogomips	: 4199.88
clflush size	: 64
cache_alignment	: 64
address sizes	: 39 bits physical, 48 bits virtual
power management:

processor	: 7
vendor_id	: GenuineIntel
cpu family	: 6
model		: 142
model name	: Intel(R) Core(TM) i7-8650U CPU @ 1.90GHz
stepping	: 10
microcode	: 0xea
cpu MHz		: 2100.000
cache size	: 8192 KB
physical id	: 0
siblings	: 8
core id		: 3
cpu cores	: 4
apicid		: 7
initial apicid	: 7
fpu		: yes
fpu_exception	: yes
cpuid level	: 22
wp		: yes
flags		: fpu vme de pse tsc msr pae mce cx8 apic sep mtrr pge mca cmov pat pse36 clflush dts acpi mmx fxsr sse sse2 ss ht tm pbe syscall nx pdpe1gb rdtscp lm constant_tsc art arch_perfmon pebs bts rep_good nopl xtopology nonstop_tsc cpuid aperfmperf pni pclmulqdq dtes64 monitor ds_cpl vmx smx est tm2 ssse3 sdbg fma cx16 xtpr pdcm pcid sse4_1 sse4_2 x2apic movbe popcnt tsc_deadline_timer aes xsave avx f16c rdrand lahf_lm abm 3dnowprefetch cpuid_fault epb invpcid_single pti ssbd ibrs ibpb stibp tpr_shadow vnmi flexpriority ept vpid ept_ad fsgsbase tsc_adjust bmi1 hle avx2 smep bmi2 erms invpcid rtm mpx rdseed adx smap clflushopt intel_pt xsaveopt xsavec xgetbv1 xsaves dtherm ida arat pln pts hwp hwp_notify hwp_act_window hwp_epp md_clear flush_l1d
vmx flags	: vnmi preemption_timer invvpid ept_x_only ept_ad ept_1gb flexpriority tsc_offset vtpr mtf vapic ept vpid unrestricted_guest ple shadow_vmcs pml ept_mode_based_exec
bugs		: cpu_meltdown spectre_v1 spectre_v2 spec_store_bypass l1tf mds swapgs taa itlb_multihit srbds
bogomips	: 4199.88
clflush size	: 64
cache_alignment	: 64
address sizes	: 39 bits physical, 48 bits virtual
power management:



Memory: 4k page, physical 16262388k(1381668k free), swap 15625212k(4194836k free)

vm_info: Java HotSpot(TM) 64-Bit Server VM (25.221-b11) for linux-amd64 JRE (1.8.0_221-b11), built on Jul  4 2019 04:27:00 by "java_re" with gcc 7.3.0

time: Tue May 10 13:24:24 2022
timezone: BST
elapsed time: 190 seconds (0d 0h 3m 10s)

